500
0 214 2208 4018 6003 4177 6260 3018 7812 6857 3702 5006
1 141 9122 3064 1616 7948 1528 9154 4597 8286 2515 5423 4146 2052 3936 1252 3144 6044
2 3536 2130 6837 4261 8773 8786 5185 8951 980 3106 3987 7101 8130 5412 7699 2
3 9198 1714 7216 1182 9779 6690 1089 6954 6082 9895 5803 1117 2817 7153 6613
4 6930 1046 4882 7742 9948 9978 6116 3687 3229 7217 5553 8441 8345 2340 8134 7736 8491 8910
5 7074 3067 3275 9286 4114 6978 2833 3028 6911 9877 2097 5898 4021 5762 79 3074 7652 2240
6 6409 9215 5757 8465 7277 8483 5260 498 1355 7282 4909 6613 3116 8982 6895 6101 2
7 3646 6381 8167 8528 2205 4273 1733 3113 7459 3858 2983 2913 7505 5609 647 7949 5880 5715
8 9031 1565 6302 4507 3917 1930 2762 4145 3514 8895 9713 3167 6029 3240 321 79 935
9 7617 7180 1901 4452 8467 1681 6268 4295 2843 9065 2732 6555 7438 8005 6258
10 3012 3765 6199 7817 3827 3452 3859 7261 5447 5090 7550 5316 5043 7880 7413 259
11 1712 8650 9187 36 9469 1069 8166 9337 756 925 79
12 9346 129 233 6360 8005 3670 7554 5850 2418 5609 6031 1286 3013 2155 7153 9842 2555 2962
13 3316 7212 6767 9326 6956 8809 4479 2412 5035 162 3112 5897 3496 3703 1058 4352 3012
14 5808 8020 2643 2950 7475 5458 5414 2625 3621 5323 6398 847 4326
15 6961 7036 5226 1876 1298 8947 8427 5799 2913 6085 1464 6150 9831 5471 1572 2513 3012 2240
16 3101 2365 8506 9421 337 6433 2844 9440 2837 2028 6688 6495 7024 6398 9990 4359 2630 8406 6613 3111 8920 9244 3894 2 79
17 6267 9135 82 8575 1956 6743 2136 5609 2232 4273 410 5002 8592 2257 5406 9138 3207 5543 3376 6613 3836
18 8202 4110 2900 8872 4498 7561 5674 1049 2833 125 8629 3254 3602 1657 9990 3936 2
19 5216 732 9492 6331 1220 7712 5388 6369 9454 4390 3611 551 7013 413 9007 1668 321
20 6208 7317 1843 5021 4903 4543 9634 7095 7057 5880 6014 1534 9968
21 3132 975 4248 1224 7933 5103 6892 3269 1851 9869 9115 4958 5566 1774 2158 4909 2986 447
22 4391 7724 342 9287 4253 6640 2265 5772 6661 1064 2302 6186 9637 8183 2121 569
23 8420 8536 8408 535 3317 5288 4568 7911 1942 3220 755 689 3050 1774 205 2128 8495
24 5489 226 2552 76 8077 9494 1726 1249 3532 7441 9214 2745 46 4151 420
25 1567 581 5133 9767 145 91 5178 8676 3752 3436 5034 6836 5869 321 6938
26 129 772 1380 2611 3224 2370 524 6233 2549 4762 3457 2204 247 2698 1387 7569 2121 9197 7732 3982 7949
27 6413 7417 8961 8757 7609 1081 8420 3568 820 2397 139 3323 1984
28 6518 5099 2983 1364 4604 4334 418 3675 9911 6358 1948 4039 4997 3851 4792 705 8227 5762
29 9609 857 3352 7924 5319 7352 3776 6229 4882 9779 8714 5074 9031 8794 4060 1117 2327 6938 7699 8125
30 757 9764 5725 6684 1456 9801 8630 1403 4243 8211 4326 6534
31 4554 4586 84 4966 1717 5844 2242 7860 5829 9406 5801 3970 6465 3823 6170 3894 9842
32 6242 8278 8564 4265 5952 353 2407 487 2154 6834 3149 332 8406 5962
33 4019 3618 6232 5817 1777 139 9146 5765 8353 8998 2857 3463 6827 6044 3758 4765 450 7652 321
34 583 3773 2811 7450 7423 7103 3824 1520 7385 162 8049 4527 6095 3543
35 8751 8556 76 3123 4650 360 740 394 1730 4583 7605 7395 4400 1721 3731 3125 3757 2322 6537 1752 9968 5412
36 8254 5370 724 5495 499 3907 4841 4378 4558 5707 37 9436 2863 2630 1428 4176 9007
37 6263 8603 9709 786 5957 7964 1016 5510 1314 2737 1086 7302 2378 2986 4442 1353 6547 79
38 7783 8963 7950 7946 4157 83 1073 3425 6500 9767 847 1105 8994 9968
39 8488 2934 8642 9894 1867 4803 2240 7695 9462 7398 3320 1498 2 8644
40 9874 4404 3859 8555 5694 2429 8013 2991 6835 5670 9301 3877 6613
41 5646 169 4679 6432 887 4305 4251 5697 4792 8043 4340 2121 2155 4624
42 5044 7122 1809 106 8111 714 6876 3135 3941 7607 3873 8110 10 7629 4311 6196 8859 7742 3012 3936
43 4305 1847 6750 7174 5990 5258 9622 1038 9338 3772 6454 9545 6797 1343
44 8843 1972 656 4623 8115 7225 6226 937 6293 6310 2877 7370 4777 5064 2679 1625 79
45 2781 3266 4771 7438 4518 3777 4369 4571 6440 8638 6427 2838 3232 3684 6893 2 8125
46 288 7103 9856 7892 6272 5307 5549 7821 2225 4057 9933 221 5064
47 5283 6714 7890 1171 5391 9250 2974 8507 4653 2464 2894 3427 5064 6101
48 2054 6519 1172 6065 2827 5758 6935 6178 7023 2551 5669 6727 7643 4584 6071 979 1774 4377
49 605 3215 6390 5187 3573 548 6490 8446 545 3292 929 6240 858 6300 9733 1117 2240
50 7262 4066 4842 1932 9778 2995 7678 9644 1989 2427 7146 3650 2877 925 4199 5962
51 1675 5845 2895 326 8731 3346 2242 8158 4538 2302 7732
52 5787 6217 2569 4814 9234 768 4741 7471 317 8386 3074 2962
53 4234 6804 5705 1271 2057 6070 2755 8284 4335 9185 4956 2789 6613 7153 3936
54 1534 4214 5369 2035 6598 9661 4474 367 3475 2401 2468 4715 7604 4071 7732 1668
55 2672 4032 7356 6012 8236 9706 3859 7738 4162 9014 5507 2962
56 1781 8342 9565 2682 4813 9796 6633 3037 2736 3142 95 2176 6100 6280 6768 9533 2962 321
57 7715 6683 6211 1068 8881 6739 9180 9023 9303 3260 1638 3445 2293 6891 3236 9037 8920 9007 7883 2288 2962
58 683 7414 3316 141 9497 5783 4940 1866 9340 6617 6070 4977 2560 3172 2972 6150 9733 3012 2288 6938 2240
59 5978 3059 616 4638 9498 3822 3919 519 2121 157 5390 3188 8864 5857 9545 2340 5715
60 9113 2674 5381 8783 724 9787 4941 3772 2336 9647 3745 205 8248 2437 6765 6082 3074
61 229 5508 3690 181 2059 6056 1185 7137 6926 88 6496 9160 7652 935
62 9028 7203 691 7582 477 6862 1317 1673 8699 370 7139 8803 5072 9374
63 3026 5155 7060 5175 3545 8881 5291 490 445 8492 3902 7121 9903 2685 4909 79
64 3536 6140 3134 7776 6239 4115 2274 4285 2604 2232 2738 6179 2929 1299 205 2555 321 5715
65 3622 7660 4917 5996 3603 1976 7105 8536 7793 8802 5097 8293 7204 3584 7120 321
66 6881 4418 4805 258 6335 1414 4279 2785 8989 6231 6216 8935 3694 3022 105 9545
67 4588 5223 6248 1278 4653 4052 8149 5160 3266 6423 4151 4442 7379 8722 2986
68 8021 1471 1204 7207 4582 8656 8443 9216 1850 8454 7505 5773 8418 9943 218 550 1343 2240
69 7951 7255 7627 2942 5402 9029 3783 1451 5811 4040 5166 9372 3061 2121 5322 2962
70 3375 7571 940 4310 6209 0 2398 7828 5068 3096
71 972 3026 1324 8329 8118 4138 1331 4362 9319 524 2346 450 8387 5412
72 1881 9243 6868 8060 7497 5174 8793 5980 240 4893 4362 2962
73 9242 5328 7897 2313 9636 7764 4728 3044 7802 9793 9831 2698 6547 9007
74 7470 8369 7453 9191 2289 579 1062 2236 6381 4104 7652 2155
75 9710 704 1953 9404 5065 3431 4415 3148 3218 2561 3206 3056 3727 2704 1625 8125
76 1585 248 9265 3681 5316 6528 3404 9881 5392 8763 4869 3000 1734 3316 7762 2240 7153 5715
77 4545 5247 9596 1794 4983 6987 8527 8274 5773 5386 7373 3199 2466 1942 647 9270 7296
78 4298 2160 113 9192 7498 1460 7562 1432 4756 3916 3007 2345 7709
79 3552 5051 4576 3992 916 1917 5634 5268 5498 2690 7135 3885 6611 4457 4855 79 935
80 4994 7566 4037 2691 9640 6702 1414 1508 5862 8537 4325 1023 3007 6538 2414 1534 3074 9903 2
81 3011 4053 4749 7527 9123 6687 5439 7437 6001 366 451 5155 7153 2414 4664 9453 2288 7762 7652
82 8219 9822 1966 1618 381 3468 5061 7322 2899 5244 4324 6029 6327 7219 7240 321
83 3650 3352 7063 3232 4524 124 9691 5130 8986 5587 5209 298 7670 2643 6170 5340
84 3273 6539 6295 3094 968 7608 8272 2870 8249 1775 359 354 8599 4442 8428 979
85 3928 7567 247 2242 9038 5033 927 8730 7096 5536 2032 5702 2014 6672 6945 7762 2962
86 8239 5704 4757 2037 3360 1885 8971 7321 1147 2254 5958 868 7906 9050 8498 5504 6030 4035
87 9543 2085 1126 4233 757 1941 3092 3167 3915 4360 9026 9045 8672 9735 139 2288 4199 7153 9968
88 8179 7588 2635 9666 1831 4253 2395 2190 3671 7223 8287 7911 84 2555
89 7339 1015 5974 9740 1194 1784 7812 2285 4767 3371 3103 321
90 4682 6010 6303 823 6074 5798 3260 5268 8000 7482 3337 5727 7053 7652 2962
91 1055 6063 9701 7046 7803 2003 1468 4531 8839 909 3597 648 5677 8345 585 1668 321
92 5650 1003 7933 1823 5570 4076 9675 6058 952 6635 3341 4034 2240 420 7699
93 4230 4995 766 398 8691 5217 9319 864 4881 1340 9950 3278 937 2155
94 4662 5606 7637 1379 3243 2144 5885 7187 5874 5074 6719 2108 7756 4340 7949
95 8470 1975 3079 1697 5482 7340 4119 2446 5798 4510 2411 8724 5899 648 5737 6343 5788 4558 6613 6258 321
96 4289 6968 5132 5199 8447 2171 2478 6016 1794 9096 8608 3231 6160 7752 183 2003 1429 7880 3877
97 8580 3475 4263 6297 3730 1583 445 2090 2400 3320 3783 5715
98 4230 6100 7980 6342 2627 746 3782 1919 9705 6116 3506 3672 569 7762
99 143 464 1308 9531 7729 4315 2030 4525 4844 687 8043 7880
100 5523 8237 7299 1696 2486 3313 6191 7173 6587 2374 6312 9686 9968 2288
101 577 8208 7137 3709 4347 9889 8990 1438 1619 9222 7267 6260 8728 2856 6458 6613
102 1320 5355 7481 6745 4837 2194 6035 9967 9334 4037 5277 7347 1040 2875 2555
103 4349 6316 8024 4179 4764 5262 172 3410 8271 1963 9178 183 8994
104 5639 6292 9079 3602 7784 6396 3897 3179 7854 2639 70 4686 541 5715
105 5348 9686 6798 8115 1727 998 1526 2351 9248 8722 6331 2414 1496 183 7762
106 8557 2267 9632 2590 2508 431 4132 3296 2349 4891 498 3932 1238 9244 1668 5715 8994
107 2865 1057 9484 6238 7611 8432 8286 8699 5220 3070 7806 6020 6082 6538 9533
108 9628 6918 3523 4592 1508 5512 5613 6352 6365 715 1208 3244 2858 1496 7219 1668 321
109 6834 2762 412 7351 7780 9286 4224 2101 3519 8370 1807 5677 8674 9158 742 4815 9933 4176 5715
110 2205 4812 4672 5780 8483 9617 9966 1468 1463 2161 9646 9244
111 3770 4457 5073 9708 8535 1133 6505 5370 8843 7134 6336 8439 3607 2136 1134 2962 2 79
112 1144 2331 1837 9593 5044 7439 1582 7865 5663 4588 5054 9299 9968
113 7791 4920 3415 7946 4910 6991 3128 5843 3485 7993 3329 2446 4530 1206 1238 7240 935
114 4424 7642 8518 51 1046 2482 4453 7690 8392 4071 4645 7630 2
115 378 4617 770 4820 1541 8371 5691 5924 8929 7831 8452 3543 3936
116 4518 3994 4305 8120 1724 4277 3065 9327 797 1383 6613
117 7093 4554 5498 441 5688 6431 5837 8479 8637 6139 8343 6014 9007 8994
118 6328 3197 6257 6906 5515 7420 9850 7050 6139 6011 1492 3041 511 8841 5715
119 4242 542 3973 6548 1109 7311 3903 8566 6605 7806 7413
120 2057 4738 4001 8985 2338 858 1075 9777 9526 4166 8418 3717 7396 3184 7852 6978 1871 5386 7320
121 1163 6682 2774 6216 912 555 4479 6997 2800 7563 7989 4285 7775 8600 3432 7049 2240
122 8926 8395 6374 6539 8699 631 911 266 6581 1846 8503 1903 6547 3602 2555
123 8032 8490 1731 4456 5036 160 3864 4555 2045 2480 2650 8841 2327 9007 321
124 5786 3211 5960 1438 3628 4138 9819 3667 412 1774
125 5548 2734 1633 6414 4295 50 7718 4075 5838 3797 5400 2413 6407 2960 1058 3830 183 79 9007
126 2002 8112 5708 4763 5900 142 7128 7970 1059 1669 3485 8922 208 4340
127 4419 1608 6622 6249 2913 5752 7114 3943 8398 7866 7618 2125 9451 8125 8212 6613 5762
128 6937 3752 88 7362 768 6474 2893 2688 7226 1686 8949 3429 8912 7367 4378 8693 4314
129 8514 3250 7547 8201 3181 8056 3447 9954 8650 3255 6931 374 6938 2
130 3648 9002 3753 2999 6362 8159 5308 4103 3867 6123 5606 3061 9086 5748
131 9154 1807 9090 2548 1568 4291 7881 9710 3943 4907 1496 1534 4176
132 4918 4305 4257 9805 8694 4963 7503 1766 1227 749 2676 1962 6170 79
133 9159 5909 3258 6868 880 7380 1975 5494 7677 2311 2842 7 7829 4340 4199 2121 9545 5715
134 5705 7797 3523 4945 7089 4077 4738 4949 1977 3380 5156
135 6138 1554 9239 562 6413 9576 2231 3126 7061 4172 2453 467 5412 205
136 8003 186 9035 5286 5492 3318 680 4204 3322 1486 5780 155 6021
137 6048 4988 5112 3855 4908 9005 8732 4865 471 4483 1972 1586 253 5194 6613 9518 7782 7413 979 7709 2
138 7422 5744 133 3048 4195 3486 7950 805 4938 6422 4512 5823 7321 4400 105 1524
139 2633 7720 7951 8044 9323 6276 2796 4908 6639 7414 5431 743 2666 2121 7699
140 9754 540 5890 1395 649 8053 686 6714 8519 2360 7051 7424 2790 79
141 9365 492 3546 282 5919 4814 17 3882 4629 9075 5715 3012 79
142 2173 1269 261 9704 8754 1398 1376 6948 3622 6223 1822 3936 5715
143 3678 8668 3031 5273 4618 7520 2403 8337 7556 894 1034 9219 4035 427
144 5707 1110 1901 6866 6172 9258 5439 8578 1128 1557 3894 2155 3936 2288 979
145 697 2465 9682 3336 4812 9967 4825 2718 950 5867 2335 4223 4454 3543 3981 6827
146 8166 3902 7938 9633 9739 4994 594 6765 8252 4050 4278 780 7219 148 2962
147 2098 2464 1447 3480 5835 9187 1003 6697 4700 4985 1668
148 1382 8837 8058 578 8597 1890 9739 2467 7155 760 2873 6269 6465 2240 6613
149 5677 9944 8257 4488 2049 5924 9303 1209 8476 6994 1007 4318 1552 7138 199 1774
150 7430 7946 5048 3961 4862 2291 1878 4514 439 2025 462 1329 2190 8920 3043 4539 2
151 882 3056 7033 8553 2960 4727 8107 6738 6335 2172 8986 8074 9688 2732 8445 7948 148 9533
152 5391 9979 6116 8354 3274 5219 3129 796 5443 2145 8803 3910 5861 1199 6545 5097 7153 2986
153 3478 5686 996 4901 7662 8205 6488 5546 2684 5643 668 816 311 4314 7949
154 592 6835 3900 4655 4844 9610 3196 9265 8071 4829 1246 7736 3982
155 1535 4470 4750 7956 7287 4330 5461 6689 4730 7191 7032 8331 5983 4962 6044 3877 1668 2288 2962 321
156 7379 930 5650 5667 3189 7525 9251 3257 7515 1742 6084 4070 3521
157 797 3899 9409 1626 9416 7071 8622 6592 7518 4570 4643 2847 1105 5762
158 2929 9472 7085 3963 348 370 7118 2547 813 6698 9236 5856 8150 9129 2182 5880
159 9764 6687 3853 7382 9330 8653 6626 7241 1548 1511 9907 3508 6423 431 668 7367 7762 1750
160 5988 6402 2549 2192 8107 6586 215 5919 8398 9994 4840 2603 3012
161 2535 2842 1730 280 5339 4845 8808 7090 4226 8133 5971 8077 5543 2679 2986
162 2351 1012 4144 1517 3946 5760 8916 9943 7372 780 6404 6054 7762
163 696 2710 6177 4271 1399 4299 6072 4445 4963 349 3207 8069 6938 7949
164 2998 7754 5059 5290 8259 7138 6213 2532 2582 7115 2114 1167 2134 238 8491
165 179 7152 2306 5943 2844 9928 210 6100 3838 6493 7782 9659 259 2240
166 1239 4983 3155 4244 52 720 7457 5254 3241 1539 5901 6499 3553 6318 3362 8580 9453 847 4199
167 8626 8255 4478 9028 8956 2079 8715 9967 4482 4056 7709
168 3218 1184 4959 6342 7940 1159 8367 5109 8522 451 2256 1290 7167 1731 9669
169 593 8858 1746 1530 2186 1653 5 2697 2102 5001 523 8702 9903 3521 9669 5412 2555
170 851 5246 9168 6883 3492 4980 9875 2688 6269 843 9008 8406 9842 2
171 938 3296 2844 2621 2511 3130 83 7150 3587 420
172 585 9400 2286 8168 607 6558 9566 1357 4661 9773 191 8894 7992 4679
173 9237 1223 5371 6080 140 2105 937 326 2531 184 9231 2662 1710 2962 79
174 3359 8304 8687 3463 9252 9394 2363 8451 4509 6554 4481 524 2039 2239 6020 7880 935 4199
175 7247 5807 7334 5491 1825 4724 4621 6582 9692 3051 2156 3125 6360 9979 9533
176 2536 2449 3613 2916 4422 6010 4538 6382 5503 9930 745 321
177 3584 2161 8514 3033 1997 3800 2682 2043 815 8010 9810 2608 1790 1491 7320 6141 2327 935
178 8899 3746 3213 3100 6374 2536 6299 5930 7393 8973 6224 2527 4752 5607 5412 427
179 653 932 4175 7687 5516 4015 7819 6426 4270 7782 5014
180 1438 8329 8093 8020 2760 5415 8168 6529 1077 3175 9576 6429 5175 7355 1710 5869
181 7256 6279 4217 5930 7675 7670 2673 865 6696 8020 4044 684 5307 6030 3830 2155
182 6808 740 716 1895 2706 9387 9455 8271 6741 3630 2349 8130 5715
183 3338 6129 7416 1912 6529 6476 8348 7823 2504 7294 6095 1343 2240
184 557 3522 9641 5658 2248 762 5055 7757 5872 8738 7521 5066 2240
185 3940 4145 263 7573 2434 7006 143 9124 1092 2736 9040 4311 9533 3012
186 48 576 6492 6968 5908 7422 5498 3695 7687 2262 8092 205 9007
187 6090 3116 4473 5694 7131 5283 6291 684 2933 1896 6621 2760 6270 9842
188 6937 2550 6217 5110 6059 4126 4683 5174 8788 1817 9677 4558 5322 8644 321
189 5118 2254 7652 6551 2372 5726 8298 6774 2434 9961 2699 5648 4469 8871 1289 8491
190 6778 4339 8782 1939 5650 3923 6408 2231 9863 276 871 264 7226 5689 4343 1979 2643
191 3120 642 5531 7349 5825 2272 6654 3001 7533 3096 1037 9168 9414 6503 3602
192 2682 5147 6964 6382 5308 8874 5126 1119 899 6902 6613
193 4978 7508 1229 6607 4474 6749 7025 583 3666 5282 5247 6696 9075 3376 5748
194 7044 149 8122 5999 6035 3546 3552 1706 9314 9770 3516 5514 7536 745 5715
195 1158 4873 7563 3348 7437 2900 4086 3497 5539 115 8032 7266 1042 1496 3032 427
196 4215 4094 2175 5451 1729 6715 540 2763 9656 9737 3568 6879 783 6014 7296
197 5457 1522 2594 4675 7266 8609 5045 926 4912 8468 4284 7155 4049 150 9290 7088 8406
198 4705 1908 9590 6330 5439 1665 9948 6268 6007 8738 1305 8507 8134 7153 3074
199 4306 2035 3211 3890 7368 9092 7928 6191 8834 3158 6613
200 3398 5267 4016 6959 9333 5591 434 2991 3148 8696
201 9707 5959 8877 4351 1777 5649 4658 4735 5226 3964 1058 3144
202 6059 158 5567 1895 1936 1662 6959 5824 180 5950 6115 6360 7949 2962
203 6336 1510 4649 2225 7603 2830 7842 9263 7106 4648 6213 7221 8994
204 2230 3551 7381 2791 5184 792 6089 8438 6402 3545 3153 4385 2288
205 5983 3579 1527 8972 970 1400 6001 3689 3542 5192 359 5177 475 1979
206 3275 8927 971 4429 5653 3640 8522 967 6452 6994 13 7305 1799 3023 6258
207 3530 317 5663 4279 112 2823 1468 2781 4751 3989 3144 8812 3074 3012
208 1561 7305 991 2245 2588 6440 9046 8397 6879 8044 8711
209 8772 3862 6655 8113 1202 9394 7940 5754 8938 697 1979 5869 1299
210 5872 1753 6140 3767 6864 5284 6188 7526 2703 5694 1025 3012
211 7487 144 8723 4665 7903 4816 5753 5365 3585 6488 1960 5318 7713 569
212 3382 3906 6645 2871 8864 8101 8628 1479 2328 9266 3020 993 6967 1668
213 3138 8717 1347 8955 5474 6149 9698 1109 316 1381 6258 7438 1668
214 6808 544 3383 5153 4731 1189 9335 1309 9770 9186 7688 5631 2452 6099 7219 1625 9842
215 9139 9696 5270 3460 2803 263 1615 18 5094 6569 8720 8505 9806 5848 427
216 8090 282 7534 6992 9072 786 7075 6670 15 3446 1165 843 8193 9160 7883
217 2450 4921 26 480 7223 5024 6837 8373 6190 7807 6292 2962
218 9154 4976 9768 1536 5584 4893 3752 9673 4610 7909 5171 4752 7243 4341 79
219 1262 4532 1190 995 1848 1562 4070 6689 1606 1615 9715 1083 6748 6980 9008 399 427 6938
220 7314 2134 3778 5268 4917 6660 6705 2201 7161 7838 5719 8480 5471 325 935
221 608 4148 1201 4145 2419 3788 703 8596 8638 9138 4171 7285
222 2136 28 1988 1443 4286 849 7136 9164 4414 1620 987 8419 6204 2998 9395 9688
223 2028 7124 814 9309 3180 5627 9489 6397 212 248 7762
224 3193 5301 2324 6119 4107 4186 1781 1890 8425 1316 9253 2750 1845 6296 7736 79 2962
225 2311 629 7029 4555 7205 9352 7341 3342 5585 7455 3554 8844 7956 5860 9903 7699
226 8251 2361 6817 5583 3901 462 1053 6169 1217 4836 862 6694 8443 3100 6201 1625 9244
227 7416 3600 5570 3812 9459 5681 9293 531 3093 8994 3894
228 4306 2857 7081 5369 9400 8319 1255 9771 2596 6829 2699 1414 6192 3189 8827 3012
229 8302 6970 4649 1531 9628 9006 4053 9253 373 1614 4971 8314 765 4733 7163 6482 6054 3074 7949 2240
230 641 9973 5204 6191 7910 7589 7463 362 7576 973 8716 9968
231 7416 5112 9056 7363 8793 6760 16 1976 1918 8318 9885 3597 9483 9467 7575 732 9244
232 2169 3264 6431 4395 228 4154 9243 6695 4584 5848
233 8628 8686 7626 659 3423 8908 5434 5455 955 9508 2658 6401 5980 6473 3830 7709
234 1594 1893 9876 8411 8564 8252 386 5464 4749 5859 951 139 1343
235 6994 4659 1180 5267 3972 4522 4197 4850 4832 2698 5104 5307 4199
236 3927 187 6988 7352 8584 4023 6791 9931 5156 1375 8491
237 9681 6004 9375 2166 7327 6386 9445 2239 7131 6323 5547 6099 1552 9940 79
238 2735 5874 6180 7378 473 1194 4983 4034 9293 152 6102 597 5111 5451 3074
239 806 1262 3296 7169 2065 2061 3362 5994 6241 4302 4901
240 1636 6951 9363 6092 4812 8914 8515 6205 8266 1878 6487 780 7883
241 7353 6518 9680 6627 4177 437 7277 5833 2033 9946 0 9443 4586 5458 7949
242 4529 3679 9466 87 6402 705 9528 9660 6112 9792 6675 1368 4348 2897 7997 6613
243 3075 5484 4609 426 8613 8770 7377 5033 1693 573 2288 5412
244 3564 3128 5180 7939 296 9226 8509 7658 2205 7089 5790 3432 8134
245 5843 3136 6362 358 2197 8350 882 697 2091 7678 7847 3598 7454 5880 935
246 6738 309 5565 6051 3152 2622 2365 8303 1526 772 7998 6675 6528
247 7733 4905 240 3884 1034 8659 5456 5695 8492 8046 7947 2540 3184 7049 3936
248 6676 1461 2536 5551 6139 1336 4396 9644 7564 1992 4485 435 9990 4020 8005
249 4772 1660 3360 5404 2511 3585 3091 5587 5128 3395 4377
250 9820 858 4567 5484 6413 4435 1351 5972 599 147 7314 6257 8123 8406
251 6698 8457 9635 299 4195 9853 631 3979 9579 3691 2639 32 1942 30 860 3758 2904 3012
252 5917 4580 3136 2761 6315 9134 7668 70 5166 9866 7796 6226 3781 9467 3144
253 5055 2487 608 9964 7578 834 345 7437 645 6270 2155
254 3617 4391 4925 4168 1384 1945 2717 3866 1836 2630 3322 7413 6855 7874 4855
255 5777 4655 8229 8019 7523 3499 1963 8575 3418 1846 3706 7434 9545 6054
256 9240 8148 3490 4854 6188 5532 9876 6970 9072 2137 9029 2673 6095 5129 238 2240
257 3816 9825 3822 6906 3015 5101 646 3096 7200 9766 1798 7131 756 4624 2128 979 2962
258 11 6446 9769 3363 9379 4135 8412 3170 865 9524 6955 1784
259 8912 201 3123 9221 8177 2381 1292 127 961 37 5758 7782 5762
260 7737 2238 9930 1900 8718 9066 3607 1778 8807 833 4374 9446 372 5930 3753 1125 5748
261 7126 3899 7294 4221 1612 2473 7063 4507 3745 6051 2082 4276 8227 5175
262 6871 357 4853 3954 8228 6271 8868 1021 8599 9928 7120
263 1982 4167 4404 8720 5816 5235 9430 5157 8297 3139 9050 7883 3012
264 568 3091 7677 4171 7559 2226 3529 7816 9655 819 526 8880 9244 8293 6613
265 6108 376 2985 5845 5279 8481 9350 3886 6239 6777 3395 4985 8716
266 3057 4146 1974 6738 6286 5823 929 8967 9728 2976 2304
267 7993 6151 2135 2919 3973 6188 3654 7346 9835 5509 2240
268 118 646 8082 3214 6985 8956 6104 533 8657 3479 1702 8004 496
269 1532 9684 8446 7157 9972 5161 4540 1020 5112 3346 5423 8248 6467 7240
270 1007 9669 6708 3433 9980 9249 6315 4293 3344 9811 308 6071 2923 2662 1984
271 1474 4739 9376 757 1918 4867 7574 5887 5826 3347 4486 1144 8290 8157 1580 935
272 1506 5258 8985 4935 3477 837 6395 7704 9872 9980 9021 3814 6967 5340
273 8514 1211 9499 4851 1363 2098 9817 2421 6 5778 7688 8522 1066 5064
274 6706 1665 5068 5358 6930 5019 9113 5056 5369 4009 9071 3815 3792 3032 5715
275 9421 5927 7100 8921 8804 1478 3530 4120 353 148 1979
276 5870 3769 7354 9939 593 8837 1426 6974 4604 466 1125
277 8751 2296 7449 3571 9273 1416 5657 1502 9730 9444 254 6101
278 9958 6617 5666 3993 4337 5238 4555 3701 4551 7646 5358 5113 5446 2288 2962
279 1748 1453 1144 4388 6278 1309 6033 9 7912 7367 9013 9968 9244
280 5378 7996 9681 3382 165 5389 8198 1549 617 7516 9132 2615 8994
281 2852 789 9911 8654 5468 5034 9647 7909 2076 7606 3905 2555 9968
282 7638 769 7965 8224 7830 5181 4099 8364 4573 4409 7165 3657 8722 5219 1117 1534
283 3256 4285 8112 2836 548 5579 3655 6206 6114 7765 8431 2555
284 7110 3179 5213 8365 5347 8932 4293 3579 7326 6913 9318 1613 105 2013
285 1753 2075 8952 1319 3414 4842 2291 2726 4729 8250 6054 935
286 6236 5577 519 6481 8686 8219 2767 6396 8903 3529 4966 1150 1647 2
287 9686 3216 773 4115 8939 8108 9638 8300 8291 5873 7968 6030 6327
288 9859 7356 6097 6475 4008 8824 9106 2994 3566 1868 3356 6427 8344 7240 979
289 669 3709 3436 4355 8056 6341 1948 3411 729 54 654 7036 2685 7699
290 5678 8446 1155 4394 8488 9673 8201 5995 9119 7732 1534
291 568 2326 1262 6181 413 9680 4013 1488 9879 5676 511
292 9125 2295 7057 3557 584 6976 1976 6246 6456 3366 7604 3607
293 1722 4063 5147 597 8675 7571 9530 9170 287 1665 7290 6467 6465
294 2170 9683 8598 3196 8201 6345 3214 8544 7861 5724 7183 2986
295 693 634 8001 9590 318 8505 5679 308 4672 4824 6547
296 4693 6754 4065 7358 34 4350 4634 9051 2653 2124 3015 3119 4035
297 8294 9020 9182 6606 3239 1652 7969 2089 8819 9777 1169 8105 8722
298 6053 5415 5076 5002 6339 316 6587 4685 3035 4440 3249 8406 321
299 1681 7606 2041 2688 3279 5176 1829 1484 590 4955 2158 6030
300 9902 798 1157 3727 78 3596 5344 5491 2471 8602 9941 2790 1121
301 582 2942 9168 9176 3884 1409 5105 2347 2605 1192 9898 2349 5748
302 232 4049 1631 2279 9481 1880 7371 3818 3854 3199 865 8711 1512 8005 427
303 5048 1668 812 6127 8724 2583 4410 9782 1698 1750 1210 5827 3022 4828 8116 6778
304 6354 6430 4118 86 4993 9718 4030 5011 7361 3036 6770 1328 3074
305 9870 1248 318 4706 350 9306 4116 4609 7680 8838 6355 8431
306 6299 4798 8983 2031 314 4448 6380 3883 2553 9547 2223 3728 7153
307 1625 3344 2143 2336 8836 5078 4078 3622 7546 8276 7647 6793 2327
308 3608 2082 6743 3115 1308 1694 7301 8280 8213 9265
309 1333 9941 556 4249 482 5091 3495 8669 1622 4539 4400 3584 7883
310 9604 2117 1952 5833 5202 2481 8958 7599 2043 6570 6158 6685 2403 8890 3865 6920 7883
311 9304 4979 499 1439 5195 2860 7570 7564 7128 3420 7961 1446 3048 5869 1299
312 582 2759 9558 7234 3200 6583 9316 9498 4021 6452 1063 3113 2768 7699
313 2982 7086 3151 3598 7859 2289 2779 7377 2950 1504 9908 4060 1625 1668 2555
314 8108 9296 4189 337 9283 896 2558 9339 9902 5786 6891 8092 3958 5437
315 4287 5795 9690 7071 8133 4735 314 7271 3585 4429 5223 7198 7883
316 4508 4814 1569 2416 5937 6354 3788 6029 6776 4087 8084 5962
317 2989 6158 3216 7002 5432 2258 6819 5228 2811 5326 935
318 2713 1691 2726 4783 120 1325 3881 1002 980 2741 372 1083 208 4531 3376 3012
319 3357 2668 3718 7012 3893 7567 6325 1003 1314 1219 2934 8529 5386 7296
320 2494 2795 6911 7832 4 7059 1860 8329 5766 4169 3354 6537 2962 9533
321 681 3692 2793 555 2812 6154 9532 8661 4431 6413 8958 9735 2630 2962
322 1196 8768 5394 5910 4231 8579 2742 7566 712 1745 2205 676 951 4855
323 8312 7011 6624 3659 1138 3628 1179 5462 4462 1208 9015 2895 3012
324 5324 2536 6929 9081 5486 5316 2881 42 5341 1774 4855
325 2903 3451 7745 1718 8434 9188 5612 7816 2185 8936 8978 3184 925 1668
326 5478 4226 646 3134 4153 5419 390 4895 7155 5982 1914 3103 5715
327 1176 2118 6728 8521 86 8650 8732 1908 6112 7086 1075 3093 8293 1752
328 2078 1439 5951 8806 1055 8777 9715 9905 7347 2856 3944 3074
329 7534 1683 3260 5792 6821 7030 5049 3233 5821 7342 362 8758 3251 8470
330 4386 9509 75 7542 9485 9791 7957 4177 1726 6303 8529 534 2060 3453 1454
331 6168 6010 679 3418 4463 2312 3527 5312 2855 8725 5917 8293
332 2046 2770 9897 3592 9566 2541 3759 7749 8470 238 7883
333 4466 7605 9477 6673 8560 6856 3638 3155 8514 5089 3053 1625
334 5155 5263 9803 8321 4852 726 9337 1738 2907 2214 7885 6615 9602 8096 780
335 4328 2585 5961 7540 635 5158 7760 5250 1665 1105
336 7089 2388 9828 9272 9063 5495 1628 2422 2516 6593 5494 2818 6465 7709
337 7312 4626 2300 2090 8072 1519 7646 9359 825 6250 7485 9197
338 5293 2060 2332 4320 6124 4246 8430 7375 9196 6489 5962 7949
339 2061 6869 5516 8262 4595 7784 1795 3310 1784 447 2643
340 2288 670 3224 1129 244 5850 4493 5727 3161 589 338 4220 3597 4199 7153
341 3212 9305 3286 9358 1816 3262 9664 2954 295 1326 2936 3981 5412
342 3971 1194 4872 3057 6834 8622 9422 2115 5810 2319 4526 9842
343 452 2644 7435 6824 7294 5911 7311 8862 2363 7457 9678 3377 7413
344 3448 4564 2715 9686 7742 9067 7441 6644 8486 2771 3023
345 983 508 2406 5907 2200 9123 909 8090 4233 4692 4093 3004 8116
346 3842 478 2599 4407 4421 7338 9508 4892 6744 1107 1997 3785 7542 8078 4286 935
347 6425 243 8094 7283 1563 7754 7000 7350 961 4345 6384 7001 2327 79
348 7223 2460 6257 4820 2501 5206 5103 8974 9481 3382 4070 3236
349 5312 3667 7863 775 8897 2792 1637 2311 8210 2393 1353 4199 3877
350 2653 448 3575 7894 5001 4994 169 8774 5803 7181 2867 7053
351 9245 8579 1553 2035 5637 9552 5722 5271 2653 9260 1343 4923 9842
352 7490 5235 2591 8271 9989 8772 78 7060 7268 5568 8671 2611 838 2904 9533 9007
353 6459 7066 4000 4438 1694 6205 9096 5169 6176 8700 7659 6137 6611 1328 8116 321
354 6244 8542 1170 7192 729 272 2112 5363 6325 6549 1725 8815 949 5869
355 5100 1269 4603 152 7121 8506 8309 2485 4292 5298 6789 5258 3032
356 2911 6780 2650 9209 2678 8739 4028 4006 5515 3502 183 9842
357 5469 2754 8224 938 2377 8627 4609 1158 5492 5241 7413 1668
358 7466 1044 5142 2861 852 6519 4889 2543 6885 952 7439 412
359 4083 7278 9192 5549 6700 4101 5581 9829 8658 7079 6541 7321 4463
360 8846 701 4513 2423 2157 7023 9872 299 5723 7156 4845 3989 8307 7413
361 5500 915 4255 6637 8672 1554 411 9752 8540 1347 2423 7992 6547
362 217 4333 6253 7295 7334 2530 1286 7408 3397 4586 9848 447
363 7666 3028 1956 699 2975 1389 532 895 3169 4329 2076 5928 6011 1984
364 11 6691 6152 7058 274 4390 1091 6437 6767 7939 6978 6143 4847 935 321
365 5634 3990 8847 3459 5148 801 440 4520 2673 761 9404 3894
366 7651 7500 1431 8499 6291 2168 5590 5086 9127 4050 5339
367 2518 8967 5062 5922 325 1432 4610 669 589 2173 6468 768 610 3491 8293
368 3412 2744 5481 3204 9872 543 2330 9203 2262 7007 9573 3032
369 2045 9115 5255 9927 6130 9788 3735 4365 7080 7009 992 719 1121 8994
370 5608 6559 6535 4527 2898 2353 3560 2346 6968 3062 1355 4660 9142 6836 4463 8125
371 793 9326 4718 3743 9559 1773 3759 7322 8729 6984 7819 9979 4340
372 5000 3653 7837 2270 3055 2440 2716 5236 4958 1411 208 4985 523 4531 6584
373 3333 1319 8203 5109 2755 8153 5382 417 6741 4908 9581 2615 7883
374 3097 1973 766 8338 3876 2834 7824 3118 9636 648 3961 7007 5848
375 9364 3939 3913 1059 6665 506 5070 5444 2105 8056 9865 3961 6464 9244
376 186 9064 6637 7663 8964 9507 7719 4186 4386 7351 3832 2003 2555
377 4932 9997 859 5498 9563 900 1818 6732 7246 1109 3528 2943 3877
378 2657 506 1660 3668 6897 4434 4302 4914 3282 1672 6060 4888 7206 3982
379 8132 4139 1210 1076 2695 5919 2918 8958 8600 5880
380 3821 894 3031 6981 2959 1813 4403 1318 7602 8822 336 2064 4234 3894 5715
381 5050 7620 7048 2124 9873 3358 7201 5718 5661 8004 5006 4234 2158 3836 8125
382 8990 3291 1818 3867 6563 588 8346 4440 2039 925 979
383 997 7823 6754 1847 398 2829 4922 5740 9568 1430 3468 3982
384 8804 7340 4808 6753 240 9727 4297 213 286 3836 7429
385 5227 2315 3434 6490 9000 5739 6939 9348 2760 4877 5292 6786 312 7694 4937 6049
386 5391 7528 9035 421 5389 1081 59 3796 1998 2532 5038 8832 9968 427
387 8760 3599 4072 8611 8912 8230 7373 6120 9699 1410 6812 7120 5341 3877 8125
388 7036 504 957 9932 3520 7174 9092 4986 8875 7090 3331 5848 8994
389 9327 1653 899 8294 6860 998 2855 7154 8194 5994 6809 4765 7883
390 572 6658 6167 6590 7392 4711 2680 7626 7720 7083 1534
391 7867 1124 4258 5028 4572 9936 5697 8510 3068 5986 6089 6909 3146 6482 6778 935
392 2766 6004 9958 490 1017 2364 466 4289 7952 6819 5483 7861 935
393 8610 2976 2378 4102 542 6811 218 489 6706 1670 3702 9350 2349 4011 6161 7949
394 9435 8885 8244 4299 9226 5416 6627 2380 4745 1836 2847 8481 301 2346
395 7926 1431 9762 6506 3908 5236 3341 3825 4176 2986
396 6042 2922 6639 2715 6984 3946 9793 6756 9707 7038 5199 3516 7513 3633 2630 3371
397 8985 6002 6009 6597 368 9895 5124 6213 1376 2393 6296 7968
398 4722 9952 936 5157 5351 114 5807 7085 8213 415 9451 7928
399 1946 5031 1220 6295 9838 3189 1906 5369 8712 9088 8050 7756 4664
400 4755 614 8178 5637 1936 7900 8737 3334 8418 921
401 8725 6690 2306 4577 2357 2228 6563 482 1646 3612 7429
402 5758 7083 4601 7800 3570 7319 6755 7496 8962 8710 9211 1429
403 3205 2710 8753 4518 725 2420 9765 3314 1885 6019 2555
404 5138 2722 4699 6736 6602 9279 1773 5377 9048 2765 9816 904 9181 1657 7762
405 3909 2821 6962 1617 9505 603 6934 4260 2843 9296 6628 117 1710 8687 9669 7699
406 8012 1390 1374 3015 8703 5727 1651 7585 3039 4111 6465 3077 569
407 3858 8289 8036 6873 2507 2808 769 6286 3729 3711 4079 9842 321
408 6317 6973 6447 1770 501 9997 7104 7603 2997 2921 9336 3092 1670 2121 6938
409 1268 5114 3743 1698 3122 9843 2767 7008 2253 6777 7419 2518 979
410 6859 946 5013 4171 1890 4736 8265 125 2124 9277 3117 7521 9008 3982
411 779 1590 2376 9134 5184 1017 4243 8639 6826 6673 1515
412 1594 4043 4838 6840 9092 2337 1654 4305 4982 3665 1750
413 3111 2153 8810 3720 4721 1430 3664 2235 3298 141 506 1591 9829 8512 3074
414 2024 7588 7100 2606 2935 6108 8966 9740 9803 8920 1105 5412
415 7873 2014 9689 2766 5271 5599 9763 7390 5172 24 1491 5849 3661 9367 9731 412
416 9808 4608 7538 2512 3684 7084 6172 5983 4591 5435 1061 2147 4036 9129 5445 9007
417 4631 849 5944 4694 698 8625 8981 4587 1962 1454
418 1437 550 8687 3 5017 2861 6436 335 9886 2992 241 7474 332 7762 5962
419 986 4060 1831 639 9983 1675 4331 7324 7841 5338 4646 8445 569
420 1824 2044 6164 7942 9597 4223 9319 7571 9377 6677 8345 2013 4326 2240
421 5887 8025 7437 5308 7260 634 3536 4312 5835 6799 5104 8062 2240
422 117 7158 6388 137 3189 7531 6441 7180 3135 8339 9021 5189 3268 6608 8431 2240
423 3235 5351 4946 9019 2476 2816 8122 2331 8443 7638 244 352 9244 2962
424 3657 3106 2548 8317 1517 5991 5778 5068 7222 3889 6149 5762
425 9714 8349 6426 26 8737 4030 9725 5482 1721 369 8491
426 4412 9882 3548 6519 1810 3775 4370 3715 9603 7802 6584
427 1282 1273 7229 9534 8572 4082 5955 2091 6997 7797 7860 8881
428 2608 4905 5514 9517 1893 5289 6413 8461 1204 51 6900 919 9994 5710 4341 3877
429 2502 6783 5602 3211 4674 4050 9066 1996 650 6258
430 7650 1756 3630 3265 8432 2210 2568 5692 4704 6634 2115 8344 4199
431 3137 4567 6492 9690 3534 7289 7896 5577 1318 6366 9804 731 2818 1105
432 9127 605 6048 7355 6593 8474 4584 6206 1508 5093 9846 6889 6827
433 2888 5147 9959 4954 9196 2727 68 1344 9549 4027 7652
434 8463 7900 5546 345 5091 2215 429 6907 4789 3575 5997 5748
435 1483 5770 2979 2813 522 5781 6315 1783 6808 9820 3982 979
436 4898 125 2316 7627 7872 3536 8374 5963 7115 7167 1601 8491
437 5085 3323 686 5723 2882 2669 2350 5864 4270 2857 9803 4691 8470 3894
438 8713 6094 2215 4097 2733 773 1003 767 3995 3625 931 8978 1601
439 725 9610 4640 8990 9326 8407 5008 3231 4840 9153 3125 6354 7949
440 1371 6385 7999 4863 2567 6118 3864 4753 9317 7127 3111
441 9704 3247 8038 6356 3576 1394 5154 6072 2552 4267 5005 208 2650 569
442 7399 1335 5652 5584 1880 1620 6510 3635 5107 1003 1779 3753 6938
443 7398 1936 7985 6829 6246 8768 8684 5716 6200 3465 4944 729 9224 4199
444 5091 6218 1611 5729 3005 3157 4007 6319 8483 7085 7264 7127 7790 2412 3285
445 7739 6218 464 4564 5289 3777 4740 2269 8610 3743 6334 9604 6258 8431
446 3726 7263 7482 6396 2850 6924 7567 5623 1437 8078 3597 2976 1878 7456 4377
447 6757 2567 8669 6361 9883 4001 7106 6996 5339 9244
448 1863 7909 3862 7904 4976 9385 8079 1844 7330 2058 7699 321
449 7351 4237 6205 5976 7387 6309 9335 8527 5922 4674 1710 2288
450 9117 9104 8481 9585 6235 9235 6752 4117 2852 1542 3982
451 8432 1085 5263 3152 8073 3743 1451 1549 9721 4026 2595
452 2919 1723 507 7931 9817 9626 7332 3384 3795 8711 9545 321
453 3271 8954 1727 9272 1650 2835 6425 3478 6101
454 1154 4590 5297 578 1899 3196 1163 2749 330 8134
455 4393 1362 5920 3310 3900 4873 7134 6524 1591 4684 3113 148
456 698 3448 2216 3327 2359 2542 6160 8350 8160 4398 6445 3262 5772 745
457 5682 3404 8661 2590 5195 7955 2562 741 3737 7566 5483
458 4114 2379 4646 1045 8268 5145 3378 6915 7607 7654 4420 901 2595 9007 9533
459 2593 9498 2372 4160 1038 6923 3133 8511 8822 6551 1042
460 4546 2846 8457 2814 1742 1417 6163 320 542 3629 2361 8043
461 8879 6368 2243 1820 3922 3025 611 5761 4159 3229 8894 3894
462 1717 1973 8911 9577 936 3017 529 5647 2712 3563 6221 9004 3371
463 6561 120 1396 2755 2798 2062 2283 1639 282 4637 3943 6193 4728 79
464 5753 5722 2985 2283 6641 8285 2560 8443 9656 9551 5962 6613
465 7371 8206 3256 8801 4225 3391 5312 2614 6789 5277 7266 2555 2
466 7539 3253 3300 6245 5701 5235 1458 8810 3163 6187 935
467 7042 9886 7274 3546 3867 1059 8056 1566 3419 1883 745
468 8496 7945 3055 4274 8217 8828 7927 3818 2048 1550 3894
469 6565 4691 3452 6221 2218 7810 6395 7376 461 6270
470 7966 7860 528 2896 4490 8879 8202 4187 9656 9543 7410 6747 4923
471 7385 5637 3774 8261 8865 4973 3523 3725 4784 4223 3533 7438
472 8270 1288 3587 2580 7128 3735 2245 2233 4257 4603 7880
473 871 915 6345 7627 9437 6343 4368 7840 2326 8089 324 6608 1121 8134 7762
474 2716 7368 2484 1424 7793 3116 4703 9221 8712 7053
475 4466 5418 7509 2511 1782 9517 6888 2279 2023 6859 6274 1301 774 7044
476 1597 6234 6205 5691 3122 9902 3915 8458 7318 1248 8663 1752
477 4472 7342 9066 4683 2111 5183 4924 4429 6947 1303 689 7456 6547
478 2280 3257 4162 7874 2401 6156 529 8372 5659 9559 2283 3408 1095 9301 1534 3830
479 5344 4088 6724 3192 1274 9980 5773 6690 4896 7116 5758 5762
480 8928 9437 4935 9104 9920 736 9559 3988 1556 1835 3021 7333 6980
481 3200 7578 3461 6784 8335 4363 7753 3746 6230 7456 9230 4035 7429
482 5245 7581 9005 9936 4659 5180 7450 9723 256 1435 6217 5662 4909 8406
483 506 7999 8886 9419 4149 3033 8199 1414 8145
484 7262 4713 306 6878 4204 217 3280 8990 8012 8345
485 1041 9041 8035 786 5685 597 4704 6902 3940 990 7604 5962
486 7907 9161 8247 5673 9592 3126 4247 8813 9487 1276 369 6021
487 5689 5867 6425 9941 353 5092 2297 9503 5493 647
488 7554 3557 7723 9958 232 3406 2861 6755 1191 9510 3602 2962
489 6138 3673 1109 5704 9041 4472 3088 8591 1477 996 7999 8990 4282 4985
490 6607 2048 7729 633 3547 9519 1213 8638 2380 5365 6089 4035
491 2576 568 2558 9332 8090 3837 8225 8295 5176 7566 1160 9992 7048 6672 7153 2555
492 3301 5829 3205 3657 766 57 7343 7969 3304 2892
493 8879 6852 5845 5998 7796 8080 8501 1230 1006 9957 9265 9533
494 3610 2616 8819 4856 587 2231 3978 3777 210 9829 2666 935
495 6185 7295 7668 986 5329 4983 6396 2788 8464 4439 1963 3987 9731 2340
496 3142 6121 3626 655 3628 8801 7005 5849 1791 3486 6141 6470
497 6651 6299 4956 1320 5078 974 8037 3480 6759 7056 6938
498 6444 4281 6398 2599 3408 4538 7642 9570 6358 8773 4586 2634 8105 9990 2240
499 6136 4533 4668 2402 2504 9159 9415 6745 8583 9160
