100
0 0 1 6 2 22 14 239 3 186 15 419 1 617 1009 3 0 0 0 76 1021 0 9 0 104 531 9054 138
1 17 2128 38 0 65 28 470 1581 1023 64 0 14 15 4 1363 3765 422 10 24 1 2 178 3 892 1 5 2035 22 7 4 199 5011 1871 1780 1290 869
2 0 590 28 22 54 0 158 1289 1553 34 97 45 77 2 1 3124 15 7056 3878 38 9 0 57 3425 0 7 4 268 0 0 0 14 96 252 967 1604 2264
3 1 0 2 1 5 133 17 2 235 10 0 0 2518 263 0 6411 3989 0 0 1260 8 0 22 304 1 21 9 3097
4 0 19 4 3 0 0 587 195 222 4 15 7 0 335 167 82 71 105 0 0 0 1 4 6 47 0 45 8 197 3767 3975
5 3 524 0 1292 1 6 2 93 39 94 0 4 28 12 0 0 35 9 9085 43 387 5609 4 2 105 496 2 120 19 621 27 859
6 330 2 1 1935 0 177 64 3 133 5 4 33 1871 9167 6 580 2072 4533 1628 8855 196 77 0 0 14 120 52 104 0 1173 3244 176 138
7 169 9109 3698 833 4 569 0 1000 26 7 5 17 63 332 6 0 8486 1452 3 1 44 39 0 0 92 2 2256 177 163 1496 236 176
8 0 1 15 4 500 28 6 2 4 37 11 16 0 23 2243 0 0 0 3450 4 28 11 36 3 0 1562 2908 0 7798 57 162 240 404
9 0 5226 353 1 12 19 2131 6 1270 248 2725 31 733 630 110 25 1545 33 0 100 11 7941 14 3 4 75 204 2170 145 138 6729
10 1286 2203 1506 2932 36 269 0 4 5 8157 14 3801 18 27 22 1 0 268 26 75 4190 55 4978 239 0 2 381 0 0 138 2848
11 742 705 97 7328 3204 214 1558 47 1 2 28 239 0 6 1828 5 4 3 0 0 670 19 1 1 222 13 0 15 914 2060
12 0 266 4 3558 377 1 20 288 181 52 1 2 68 3 8906 8 0 4167 1 0 1 902 2 0 3 7 11 117 3887 3483 1263 1310
13 0 1 8 3 4 18 5 6260 0 842 1 1 32 2 17 2 1925 0 1 0 2 52 37 14 7 2282 3 7202 769 2264 176 138
14 2925 1244 159 11 5427 2 1216 0 174 886 39 1 6570 801 0 3001 0 30 3 457 0 102 1 2014 1 5850 329 708 6656
15 21 0 1 2 362 466 396 25 584 0 0 59 3 1394 160 12 0 66 26 4 1 1270 131 0 0 9592 8 5429 686 7585
16 0 1 4 0 0 3 6031 3842 0 3228 1818 12 2647 8365 1298 0 2491 1759 14 88 819 29 234 17 0 7 2 2857 8 155 1315 4371
17 1743 4791 5893 186 70 0 6 3 2571 1927 5782 591 11 4 20 61 23 122 7 390 357 352 1 110 62 637 1 4 5205 3731 29 2 158 19 138 485
18 1457 712 3330 3 122 79 42 2040 0 4 314 6061 773 496 3036 1 362 6658 3116 1687 5 0 0 2 0 639 4102 45
19 0 1 3 2 0 0 1 0 1 7 262 38 3164 832 6543 0 5924 2564 4 0 388 0 0 7 48 2 3477 708
20 2 1 14 0 3 1880 89 15 10 1797 149 2153 3575 0 6 249 7 652 8724 86 706 140 4 19 5526 1321 44 80 39 79 509 1 1210 120 138
21 3 0 109 14 57 25 125 121 8 9677 44 13 4397 15 9373 20 1 150 200 2 66 4 302 100 2947 65 10 118 0 4020 69 199 35 9 27 7242 4247
22 1851 4 4 751 0 3 26 0 7480 7 3009 2450 4 2 822 863 1 56 2 20 5 6747 2 9 4 7 125 0 205 471 5734 14 716 187 8 9517 859
23 10 150 1 187 0 1201 53 758 261 13 947 23 19 183 894 3 0 39 2 74 375 14 572 224 281 17 99 101 5 8 9 355 6459 968
24 286 724 175 236 769 0 139 67 5 7864 24 59 216 13 1926 382 5459 90 2492 160 1 2 287 550 30 5294 7 19 426 6 1253 0 118 9 3428 6138 155 2264
25 8 13 1 0 44 9 0 4 1893 0 492 2522 1307 1037 2 0 6 436 241 17 1 0 4911 3 0 996 542 27 138
26 1485 152 1077 90 3 105 2 1072 12 0 33 1 160 170 15 61 30 7 168 842 5929 52 38 2408 2399 1019 1 10 130 1395 797 2591
27 122 546 0 23 4962 6 171 238 1 29 1 220 1 1 1329 4 3 7155 2 18 39 1 20 11 719 47 9 7 155
28 0 1 3 7 0 121 76 93 105 2 4625 332 27 0 0 6192 67 6 30 2557 9 830 7971 47 9407 0 0 1151 78 196 19 1193 1917 5526 621 5921 1263
29 2 0 1 4 2102 0 6021 858 84 0 67 3125 80 10 0 7303 7306 0 887 75 0 3 142 822 0 1442 243
30 0 31 2 0 7 0 1 201 1 0 948 0 378 0 26 993 163 4242 0 44 165 0 2014 162 446 245 15 19 28 968
31 36 5485 68 578 0 51 2 6 4 975 1756 0 741 6705 237 9 4818 9248 1 89 22 26 3 190 14 1 1 398 8 92 8
32 4334 2 21 1498 0 1506 280 1039 68 10 0 46 7 1 1325 13 119 1 9862 6 3 2 9575 0 4857 1579 2700 180 0 80 155 176
33 1 4 2425 6 16 3 0 53 5 2207 2 204 3513 651 0 1889 5364 111 43 0 1 8 431 1 89 6005 457 14 1917 2848 1954 3097
34 91 1813 1 3004 0 574 2 1030 876 0 39 374 8 35 20 5 0 1 0 128 0 294 0 4 0 3764 1324 594 2453 121 1809 4977 1290
35 19 2 1260 473 103 4207 4410 8 1 1504 5221 4 108 0 1677 15 140 1885 3 0 71 6 433 21 1 1026 1 2 7 19 184 138
36 0 89 1 4 0 137 0 0 1 0 5 532 19 127 1052 0 3 6 181 0 2 77 3 9 21 1713 8 2930 126 859 1290
37 0 1 2469 514 4 2 6 14 146 19 15 548 114 201 7214 5 2 1 1271 9 43 11 65 302 0 16 2096 3 57 496 444 27 252 3097 1737
38 0 1 2 1 5 0 723 6229 216 232 0 2 0 165 3323 8 0 30 13 6 399 60 10 23 3 1050 6 1958
39 0 145 16 20 257 2 25 102 3911 1857 8 80 344 0 3 3 194 0 600 23 14 10 130 0 34 0 143 9 2229 30 8 8 583 1671
40 0 4 2 1 3 52 217 44 17 0 1540 5208 5 75 1 0 14 111 9 1241 825 32 1680 0 115 1228 687 38 6 1697 28 1958
41 752 3003 1 14 3 224 1 0 305 2270 9 37 500 50 39 0 1965 2 1 0 229 9767 84 2 4 105 133 16 1 69 15 44 176
42 7 76 32 2325 5 0 262 603 2 119 227 1 7 937 4 14 1 3 1944 11 46 213 95 1717 16 23 1211 1999 7360 1495 708 968 9517
43 0 1 2924 291 1527 1 0 0 10 16 2 4 8868 1 22 0 0 4 2 45 790 11 4 357 14 2316 968
44 0 1 2 0 146 91 4 3 151 719 3663 0 200 12 133 14 194 6161 87 2417 2254 4229 1878 2721 6 3182 1825 50 2 5313 1263
45 1 0 120 13 2439 40 2 6 15 9804 45 5932 476 3573 368 7479 8 108 2425 36 408 10 11 0 595 310 46 3 121 5 17 20 27 7 3475 4 5661 126 1310 7055 1502
46 22 2 201 1 3 1183 0 3 0 1361 9864 20 46 5 1013 159 0 1 21 136 0 4 0 1502 18 152 9 4 1934 1697 5295 5482 1502
47 81 1 2 0 45 871 39 868 4 466 5 4060 1680 9 14 3 0 8489 8614 35 16 140 7322 685 286 0 6 0 3022 287 8 138 138
48 0 0 0 3082 3025 1375 1097 7 19 0 131 1023 1 156 256 3 10 8 0 54 133 36 568 75 1 68 4821 102 62 48 126 4247 138 2060
49 43 0 39 45 7 9 10 102 2 1 25 592 0 33 5 0 22 0 21 14 42 2 6 2355 0 3 704 8 152 120
50 1 25 5016 7 0 13 52 37 0 423 3327 46 3 19 3164 0 1 6981 2087 8123 0 2 1 859 12 145 1 70 8 21 2780 3244
51 2148 508 40 16 7 0 7711 0 5031 4 53 1 0 143 104 7 180 2 6211 304 780 0 12 1 99 52 2642 426 2818 138
52 0 1 3 0 1 2 23 2974 207 33 377 39 12 44 0 7 1666 4421 3 28 0 104 1 1229 91 1012 4 1465 62 708 859
53 0 360 6 10 0 136 7559 12 4 1224 0 1864 124 1 0 19 0 3 0 5 0 2 1443 437 458 120
54 0 2 1 4150 66 44 3 49 0 2 13 7 40 5 1 4259 622 1159 261 4 125 63 1613 53 2 0 349 0 147 364 27
55 13 43 704 458 84 36 7 1 310 8325 943 0 0 0 1009 27 38 1 0 2 0 11 14 108 6 656 3 56 155 2 18 121 6887 583
56 19 799 70 1 0 45 0 178 16 17 0 6 2 0 0 1067 4571 1476 33 41 4 10 3 1 1248 1890 6005 9 868 850 1502 859
57 4 28 21 0 3 2 11 1 7 0 202 1 5 34 2611 160 0 6 14 0 36 13 1 22 0 223 2836 496 3975 2780
58 20 21 0 0 11 66 2 0 585 1 3 169 0 10 42 0 143 79 1810 0 75 5 1003 1004 60 1 2196 6604 621 2153
59 0 1 1566 0 523 0 5 84 27 9913 6238 13 1 2 43 756 0 1096 3 5350 35 0 3002 34 2736 0 15 32 3843 0 5333 28 979 27
60 0 1 4 2 177 18 118 3616 0 690 15 773 32 0 124 1 0 6 248 2013 0 11 996 713 2 325 15 176 355 138 5661 2848
61 0 1 2 5 3 0 4 6 111 2 1209 1558 8660 1 2 815 0 558 358 23 2 2 8 4 0 12 0 2 15 2126 119 1601 3831 176
62 4476 6 938 1 0 0 16 2 1 4 36 0 33 831 0 49 418 6 28 47 50 3 0 164 5 1282 69 1310 7624
63 2 7121 138 71 0 0 13 12 23 2209 476 1524 2 0 4 287 26 0 22 0 24 0 29 0 487 1 1133 890 968 3935 57 583 1495
64 3713 32 0 384 270 13 6 351 60 1 40 9 6580 1 1 10 0 0 5474 1 5 4 0 126 191 7 1077 1737
65 0 1 2 21 0 314 0 11 7 4 1001 145 0 1 2 0 1389 259 5 484 0 7421 256 463 605 67 0 4148 371 3244
66 473 3 2 632 1 0 0 0 2945 3193 103 6285 0 7 147 5467 12 339 1 8 4 1 22 19 497 114 8 4709 367 4374 408 400 3 57 7007 404
67 20 13 207 0 43 19 2649 5 1424 1 65 36 742 2 6 0 0 3 14 257 0 18 55 4 9 8 2928 1325 250 52 40 22 7 184 482 155 708
68 0 1888 1 50 217 441 71 11 2 15 249 5463 3 0 33 169 130 5564 0 7584 27 512 966 1 19 332 437 14 0 129 725 120 621
69 0 1 2 6686 1 390 3 5 22 13 6692 56 0 4 6 1 5954 0 4151 973 911 3608 11 196 8 0 2195 2 8 27 126 708
70 0 1 660 0 2 1 1 47 4 17 36 38 1 2 59 1 93 0 9 218 2 1061 6 46 3 8 30
71 2 204 586 3 22 29 214 452 338 6 5 0 1 437 4581 16 478 2726 5195 1264 680 1867 202 0 2 60 15 131 7 375 3097
72 0 1 100 5415 64 0 325 12 0 5 73 29 1677 4 1037 1912 6 251 48 0 2 2 4 635 45 11 963 7 9559 121
73 0 3797 510 2 1 10 1948 465 91 4252 0 909 0 2 8 2 1 23 15 1 9589 0 30 7 2708 9739 705 1787 11 139 74 193 120
74 181 565 1 0 143 12 323 3 0 0 804 29 63 31 5417 9 283 48 46 2 1963 5 312 8 0 15 199
75 0 1 4828 144 5233 171 687 6 8738 1011 37 0 14 7 868 157 108 0 158 12 5 4342 0 13 0 16 2 0 2428 0 1 8 176 6165 1671
76 0 23 12 1 2 0 1540 1 1215 0 80 0 126 8 48 3 16 1 0 133 21 389 0 260 0 2 6 0 371 9 126 867 3849
77 1 0 2 7231 0 313 513 1 712 3 6 10 0 2784 12 276 0 144 1 0 851 259 21 4363 1005 554
78 0 6 5 11 3 30 4834 23 4 1 137 0 162 1 16 7 10 0 6376 17 0 46 4 0 0 32 0 0 3756
79 3 0 6 2 1 4 192 18 1 1318 1 436 7 1 0 2 51 2 0 240 6881 353 6 45 11 1 2919 485
80 0 1137 1 39 8 3 6 33 10 257 1364 1112 77 0 641 23 2 2 11 1 7 2211 0 0 0 0 5297 899
81 4 2 1138 694 0 3 0 206 0 0 513 7320 0 12 127 2 1 2 10 0 1 0 3199 6842 0 1 37 155 2486 1263
82 0 5675 1329 1 548 2 249 0 9252 61 14 309 735 231 360 225 3 994 1126 0 0 155 463 1 1 118 111 1 5 6656 3097 138 1671
83 0 1 19 2 1 0 162 0 637 15 513 6270 6147 214 546 174 47 2434 4 36 60 2825 2375 6 18 98 5268 81 349 7631 650 1452 3244
84 3140 86 9989 7702 683 0 172 9375 23 8 46 1 2 15 367 643 1480 5 8153 3 1223 0 2 1707 18 75 3 17 5 31 8 9 35 1283 9584
85 0 0 6 225 0 1 128 6038 2 2925 10 0 258 29 9479 3 8 4 0 23 149 46 81 77 277 8 7
86 2 0 18 3 1 3 3367 6 1099 222 353 584 30 206 5167 4113 3526 0 59 6450 596 0 2 0 20 4958 0 4 6402 2818 1482 708
87 1 0 107 0 4 362 518 160 3160 27 2 20 4548 22 3 178 12 14 435 1415 1 4048 0 0 0 242 216 7 310 28 1799 9 8 977 355
88 0 869 4 6 1 982 150 0 203 170 17 12 586 3 0 42 5731 2 0 0 7 0 0 80 13 15 114 1457 7 69 3110
89 1 3 0 2 11 455 9569 7627 0 0 159 2 7 59 5 1 42 0 0 45 2 37 3176 0 1 3529 23 914 301 1954 1334
90 12 1 414 0 1776 6 330 231 172 4007 2 6607 2246 0 61 13 0 6 4189 279 11 1 16 3 1 7245 169 3320 172 5989 554 1384 554
91 1 2 0 3 2236 125 13 0 85 1932 93 4 352 150 964 2052 22 0 48 586 25 8290 1 11 8 82 27 2591 176 3684 1671
92 4 2 1 194 534 6 0 903 0 10 0 1358 66 0 0 2463 90 1 30 3 481 1 8 2885 135 1450 28
93 0 1 3 4300 0 137 714 9798 17 67 0 631 56 465 1886 5 0 15 5 30 501 40 262 0 2 4553 8 211 747 1793
94 0 858 19 569 98 245 1047 4 13 141 1 76 1463 0 938 450 2 1568 5 1 0 0 1 0 20 402 6481 4712 8 554 554
95 0 43 0 0 898 4 1606 2 9 8 930 1053 885 1 1 33 93 4498 27 2 26 68 2 560 11 2 28 9039 2 9
96 0 1 2 3 4 6 3350 37 551 3163 2345 7 534 88 3677 20 5 2016 68 397 14 390 3009 1 96 4 0 1 2359 22 8 5603 138
97 955 190 1199 5 3771 0 82 54 14 40 1 2653 8 6379 519 98 4 0 120 34 520 381 0 1817 998 5674 20 2 38 2 17 1494 69 0 30 9691
98 2 6 341 0 26 3 434 1069 19 3 2 54 139 11 4 6932 4 2395 8 51 0 9 641 1 2859 1 1 134 0 0 8 193 797 3097 1263
99 25 3849 1 0 6 2568 18 7979 187 31 0 16 43 2 501 0 7 9 5 1280 130 5407 240 3 0 0 0 712 1989 1954
