500
0 214 7660 9215 5757 3338 6302 1204 4507 6961 5283 2950 4214 4177 5677 1668 3584 4909 8406 1117 2340 8134 6613
1 141 4738 5216 8166 2365 2929 6881 337 4418 8342 772 1567 4805 7216 2028 5307 4728 6827 3144
2 6063 8278 2267 7046 3617 5845 7475 7742 9779 9216 647 952
3 3536 6140 8506 6808 7212 740 683 4305 9243 1975 8772 3316 6613 7652 6101 8491 3012 321
4 5686 1565 9822 48 5650 3530 6433 5391 5099 7737 4066 3018 1110 6978 6750 1731 3602 5219
5 8032 9346 1714 8369 8536 1003 4001 975 8284 3050 8345 5677 7652 5762 3012 8994
6 1055 4662 6242 5489 3064 5606 2911 5133 6780 697 5707 2650 8257 6390 3936 1299 5715
7 2002 7074 2672 8112 3011 7416 4053 9286 5112 9701 2630 8005 3936 2962
8 3646 3770 7430 6930 1046 4230 6048 9159 4995 5909 9135 3113 6613 7652
9 5523 9242 4763 1712 2844 2536 8642 7897 8751 139 5006 2240 76 9968
10 1534 4470 9710 8490 4750 5978 2288 9154 4597 7956 7951 7812 7085 4679 3229 2003 6369 6528 2480 3111 2121 4314
11 3012 1471 3765 7207 7933 7063 7351 7817 1876 6335 5608 8603 4037 1665 5862 5677 3074 2240
12 6413 3026 6053 229 2057 5900 5226 8443 3266 6690 6232 76 1625 1774
13 6267 857 4452 6495 82 8650 2465 5844 1324 6857 3753 9903 1668
14 3478 3902 4018 6834 2762 5548 6837 8557 412 5048 8985 232 9632 3894 2240
15 7122 4261 8467 4739 4295 9708 2843 7255 9191 1224 7933 8304 2158 5762 321
16 4588 797 6317 2781 6199 3862 2535 1847 5457 2842 8441 2986 2
17 4110 6360 8483 8005 5175 3670 4508 8786 8951 1554 3545 4145 5952 1049 616
18 4114 3375 4994 7566 1717 7287 4330 143 2974 9545 79
19 5155 7060 6868 9944 4419 6100 5817 8575 6342 9187 4479 1942 2611 7126 5112 8130 6101
20 6003 7637 9440 757 3448 7416 8556 2515 4564 7217 8881 9007 8994
21 4242 3648 9948 8947 8427 6676 8881 9877 5291 5799 9497 1262 3987 3842 7423 183
22 9028 9245 7948 4755 8579 8408 6683 7203 1823 691 4623 996 2238 2052 2962
23 6706 5508 8179 1182 1908 9421 6116 2331 5927 5643 79
24 6409 5705 972 6260 7459 9978 3773 4604 2913 1089 7780 2121 8043 3936 7153 5962
25 9874 4404 851 576 5381 6492 594 5447 5414 6883 2313 5323 2349 6465 4909 1238 3074
26 3709 1697 2811 3678 1185 6248 7450 7416 8668 689 3514 6454 259 935
27 9609 3317 5288 3940 6116 5725 5319 5780 6559 3220 4901 2590 4841 4527 2155 7120 7949
28 1438 6892 4359 3269 8329 4224 5258 6935 125 6178 8535 8629 8982 2236 2397 1784 9545 4199 7153
29 2208 6911 7803 2895 6129 1608 8115 7225 5996 2865 7352 4941 2288 1668
30 4234 3622 6539 1271 3690 7339 6956 3094 7946 6398 9990 9139 968 8628 3425 5783 2870 8794 7732 3885 2240
31 8872 4456 3059 5036 5872 2833 263 160 5043 2240
32 7422 5704 3687 6065 181 7609 9286 8420 5988 5758 6402 7736 9244
33 5227 288 2983 4966 3858 4917 4391 6432 8580 4925 1414 3603 4168 2464 7105 7733 7029 843 7413 1774 2240 2288
34 3859 6798 8809 7490 5990 9146 7438 2265 8998 1069 9943 5021 2604 9903 7575 2 321
35 3816 9825 9707 1320 464 7481 3250 9958 370 6150 5898 7266 3602 5880
36 3452 6655 4265 4757 9894 353 1062 3681 2232 6876 9713 9842
37 3134 1972 3618 9596 5917 1777 2913 1464 8626 6500 551 139 1984 4527 7762 420 2288 2
38 6778 6954 5402 7261 5850 1867 4251 9454 7573 5061 7607 6413 5609 7439 9777 7413 7267 8345 2121 6613 935
39 1901 9002 348 2549 1015 9406 2999 3970 3404 2418 3240
40 6714 1681 7938 9633 5570 4978 3822 360 6216 3519 6058 5033 8049 3074 7153
41 1163 8564 5068 5103 755 6682 5358 6862 5609 2434 8166 2857 2144 6817
42 9237 1223 882 3056 1081 8846 7317 7033 7571 6310 4792 5752 3013 5406 1871 3894
43 9686 4568 6743 9636 1059 9831 7547 5471 9666 6834 4543 4039 6891 1572 6547 7240
44 9764 5370 6687 5178 499 8676 3752 6085 5482 3853 6303 4518 1016 4369 9779 4034 6613 9842
45 5185 5187 3573 8731 8353 1278 378 8013 545 6496 3207 8491 9533
46 129 4279 7924 4762 3457 3123 1437 740 6765 4571 550 4400 2422
47 732 1733 4812 1956 2625 8555 812 4983 9869 5553 7340 2136 8093 1625 3344 9138 5880
48 3917 1930 4145 5423 4146 9065 4335 2429 9340 7370 7373 9933 79
49 8020 6268 3827 3702 5090 766 7356 1901 1038 7023 6617 5786 2972 8687 4021 2898 9545
50 6598 6208 2682 8808 4650 2101 9590 9239 4510 6330 5899 5880 9129
51 3536 8773 980 3106 724 7508 5957 3475 2998 7103 8331 247 5097 3032
52 579 9185 4362 431 4132 3941 3296 8527 9617 6031 4176 3106 6044 1979 1343 321 9968 2962
53 6056 9365 2547 1976 1252 1520 367 909 4253 3597 6095 1117 3758 2 1668
54 4705 8926 2338 452 4032 9796 6973 8536 1912 6374 7569 205 3496 7762 2121
55 2734 5339 9778 653 932 5199 1633 4803 8921 6414 8370 1807 823 6029 1058 6938
56 5787 9472 6217 5246 3963 9168 7118 8895 813 9404 4340 2327 9075 5715 3012 2962
57 4289 142 7128 6968 5132 4956 3611 9593 8686 394 8159 7626 5715 2986
58 7470 7453 1073 2407 593 8447 7420 7095 8691 6398 3757 7949
59 7137 7946 3224 524 3359 8687 4347 398 9234 6396 3360 2414 2121
60 3928 5035 9739 7567 247 7964 5744 6127 5974 5235 745 2962
61 9709 4531 3776 5811 9576 1229 5155 4285 1669 696 9154 9240 2513 3092 2327
62 562 9675 8935 8158 916 5669 2231 2549 6727 7854 9031 1721 4352
63 2161 8514 7382 2551 3475 659 3033 1885 3274 3894 79
64 6331 9930 6633 4977 6150 3167 8971 1900 8718 7385 3851 9706 8077 5670
65 3675 6358 8592 5392 2257 8492 6279 4217 3902 9270 9007
66 7379 930 7582 2827 4076 1317 4882 1403 4052 7089 8251 6635 6672 8711
67 2130 5260 4104 413 7302 768 5498 5707 582 3772 4741 1496 5412 3543 5869
68 106 4772 6539 6209 4583 4518 1468 6607 9252 583 3012 2288 5715
69 9326 5897 6926 2560 7101 370 1988 4050 2893 4151 2028 4286 2630 4071 3964 9244 1534 2555
70 342 4253 5415 6640 410 5076 7032 1673 5650 5301 3703 7096 2962
71 3824 4638 7422 1989 6994 6661 3126 5244 4324 6749 1383
72 9661 5378 4115 4474 3899 2232 6835 1517 2176 8259 991 3836 1668
73 8202 2900 2785 5674 6249 6427 8724 6529 9319 4103 2817 6476 3376 2555 6938
74 7970 2789 492 9484 5667 7996 8003 5549 7525 2745 6258
75 233 2762 3136 8446 5308 1286 8060 4777 7061 3546 6123 5097 9075 79 5715
76 2899 3897 3179 3492 6179 133 2682 2713 4686 2302 756 1686 9733
77 577 5765 8990 2991 2913 3943 1582 4175 5074 927 3125 9301 4199 2240
78 8113 670 4474 1726 585 4195 2478 3650 9400 3188 716 4820 8566 1657 5848 1117
79 4524 9889 701 9966 2737 6738 542 4980 3415 8730 3961 105 6547 7652
80 7561 9767 3873 10 1308 2254 9158 37 929 1997 8858 8859 8671 3877
81 36 9469 6229 1147 1387 9691 9258 8986 9681 2225 5068 1939 523 7012 1979 9968
82 7036 1133 6505 3323 5983 8843 1202 7134 757 3292 9494 5400 5962 2
83 8329 7321 4278 8012 9875 2171 770 868 1109 7670 1541 7906 6151 9026 3666 1665 8293 3758 7699 2240
84 1364 418 8839 4538 8149 3044 1807 6071 2388 8398 7802 9740 6336 3320 3823 7880 9129 79
85 226 2552 9647 9622 7764 7121 4983 3007 5930 568 2437 7652
86 3197 6906 4555 9037 5390 4908 2105 6004 5980 937 4567 51 3144 2962
87 7608 8272 359 3031 5217 7497 5174 5958 2863 8053 9453 4199 7699
88 8205 8714 1064 5546 2324 7124 705 1249 814 8044 1180 8227 2363 6170 7762
89 3650 3352 3232 3822 4792 4617 1919 3189 3398 3167 8949 5857 1058 7782 9669 7732
90 7718 4075 7205 9222 1722 1522 7946 3523 2594 9050 7852 1343 3877
91 6239 8252 5019 3859 5130 5516 1333 6937 6354 1561 6244 6331 1353 7413 2
92 4554 7860 7662 8537 1057 2315 2361 2372 4271 7950 925 4199 9007
93 5044 7180 9543 8514 2085 2732 6698 4339 1126 7754 4584 1941 7438 9236 6100 3129 648 1594 4962 4340 79
94 9682 50 6074 5838 317 5663 4287 218 2192 2688 266 5307 1625 7883 5715
95 1526 6012 8236 5065 3994 3800 1532 3181 5702 1498 1790 5412
96 3973 1619 7993 9409 9876 3532 7441 8348 3628 17 6186 2121 1774 2
97 5118 2716 3684 6893 7687 6240 6551 5737 8255 8201 742 3901 2760 9646
98 8638 445 2838 3142 3232 7395 2254 1158 2045 9793 8498 9265 2704 7153 2 9968
99 4555 3855 7146 1159 1194 555 317 3342 1506 9387 2699 8599 183 2962
100 4749 7437 4812 8074 3296 6072 5498 4351 950 3923 8908 3981 2962
101 9492 2833 4532 1190 1730 8699 3336 1848 5983 3915 2449 9372 8439 3543 450 1534 3982
102 3266 6029 6835 4466 4764 6587 2102 4976 3410 4162 9579 2121 4624
103 2205 4672 4891 8148 3490 1893 4854 5919 5959 2161 1956 8431
104 8528 5773 2143 4295 9209 7471 4905 7482 7880 2302 240 6276 9056 3007 205 8663 979
105 4882 83 9856 7821 6342 7534 6918 1196 8768 1478 9931
106 8843 4498 8115 2204 1727 2877 5064 157 5551 8000 4693 2121 4855
107 6328 3859 6257 5515 5316 2230 4837 2194 7226 4881 6035 478 7240 2240
108 3218 1184 8367 6426 9323 6997 9610 7050 6139 7687 2374 4057 5412
109 1456 8630 2351 938 8802 5048 3485 6808 544 2032 6765 3753 7782 2 79
110 1007 8020 9334 6119 7515 9696 9967 1653 5270 7604 7320 9545
111 7025 9251 8120 1046 6768 4513 5282 6586 5500 3275 4063 3521 2962
112 7024 8757 2508 820 3037 7466 8294 3257 2286 1746 3395 148 1668
113 4488 5798 864 2108 9967 5924 5109 3075 9948 6836 7053 4340
114 5223 6617 5666 5160 6423 1895 8056 5663 2706 5443 2285 4186 8836 6029 5219 5715
115 1355 2468 9394 9850 7223 7812 3 5258 4865 4814 8985 2662 7949
116 4019 1382 8783 3772 2627 95 9681 5856 4659 6280 8248 2414
117 1474 9376 3695 6269 1918 4479 5262 3278 3600 3218 8912 9735 8406
118 5391 6687 1461 2536 1023 3048 3486 2078 5439 9954 1384 1439 8418 5286 105 2155 79
119 0 858 9352 2482 8803 9950 3091 7677 4935 5394 8844 5910 843
120 8021 6070 6987 4037 9028 6964 2531 7638 5024 4453 3254 9443 2414 3830 9244
121 3352 1594 2378 7793 9066 3607 911 1778 4060 2844 2621 6938 7652
122 1843 8518 179 7247 8522 9214 5585 9113 5277 5777 8564 2561 9637 550 321
123 3199 3341 124 1734 2306 5943 3382 7940 8912 7455 7396 83 7167 6020 3371 9968
124 656 937 6293 3777 3864 5498 6548 9686 1128 5688 8371 9309 9990 4626 8116 2240
125 9029 5166 4233 8672 7081 3579 915 5369 4525 9768 7611 374 6613 5748 2
126 2934 6236 6082 5577 519 9462 7223 5825 2272 6654 2345 8107 5175 6014 2
127 4016 4445 5284 6268 445 2403 8337 3667 9994 3184 6095 1557 7153
128 8782 4270 2170 5247 6382 1053 9375 1040 8598 4555 6352 6980 7699
129 9941 1530 2145 2916 3906 7993 1428 5867 2698 7563 7057 9219 4035
130 9881 4869 3357 5650 4244 3613 6581 3316 1390 6238 3718 5492 5715
131 4618 4825 5727 5816 7690 3477 7556 353 5324 837 5758 9545
132 4305 3900 3821 4655 7305 806 668 4963 7823 5887
133 7137 7139 1626 143 9754 8298 6639 894 2871 6260 7457 1750 1105 7949
134 1794 8928 462 4306 9739 7334 9437 1492 4867 9330 6689 1510 3012 4199
135 1753 6140 3797 4478 3216 1742 4814 52 1569 6312 2416 7874 5962
136 7414 141 5147 4767 5807 3096 5491 5861 4120 3932 4442
137 4226 5971 2186 7911 2511 2717 8479 3554 2262 3882 971 7266 8193 3877
138 498 215 720 7605 5843 4483 9683 9477 7533 2114 3727 238 3543 2962
139 6059 158 3717 9035 5837 9686 6407 9090 4049 786 4539 5340
140 4334 9911 4997 4862 8168 6605 3065 9327 3657 3206 8476 3552 112 3731 6082 321
141 91 6233 3211 6864 8650 8451 2400 8956 6188 5512 7670 3982 745
142 298 240 4592 4279 8715 3691 6994 3211 3460 8150 6139 2327 7883
143 8411 1890 2467 5823 5308 8608 5613 4223 2960 6459 4749 8183 8994
144 8167 7890 4273 7505 2242 8432 1085 5263 165 7071 3255 447 5715
145 2274 2117 4172 3337 4588 641 1683 9973 5204 3260 8392 5833 1083 7762 321
146 2054 7980 9531 7321 4386 1878 8699 5404 2550 8132 5543 437 5788 6967 7652 2288
147 557 2697 3522 3485 1217 7949 1007 6425 243 1890 7797 8425 4429 2900 5072 447
148 8398 8927 1825 7138 1794 9943 4724 2639 7523 3057 4893 2856 4176 2
149 1781 2412 1432 6868 1975 5494 7677 5919 2678 7294 6092 7 1534 5715
150 4457 5370 9005 2852 4337 8168 1972 7518 3746 5705 6627 5567 3213 5412 79
151 7783 8514 8058 578 1691 7155 1211 6408 2079 8229 6465 5064 7762
152 6488 2336 540 1044 572 9967 607 1586 6774 816 8343 1238 2240
153 140 5001 8702 8637 6529 3224 1077 5591 1615 2025 9961 1963 8227 9842
154 5267 2668 3972 5726 4009 1527 6561 8019 2226 4070 7414 6658 8938 3836
155 7368 8874 3866 9828 9272 2484 6160 1631 4291 4341
156 2460 2548 118 1895 3070 4148 3175 6714 4629 9770 8609 979
157 3116 5694 7738 3041 5101 2599 6291 4396 6051 2173 3781 7001 7120 935 5715
158 169 6622 5697 6010 1781 6447 9127 6365 5110 6582 4844 5653 8579 5054 4907 4340 8248 8134 2
159 4842 1866 7678 6070 3172 2427 1942 3993 7559 4621 3523 9692 1208 5901 139 8293 2555
160 2351 8488 1012 7695 4144 3946 8916 3506 3130 4783 7752 1496 7762
161 4391 7724 9287 5772 9045 2035 4935 3360 5584 3701 3672 238
162 3867 4177 9489 6395 6397 7956 3893 4836 7966 2583 6149 321
163 4311 631 4422 608 3180 5870 5649 4658 7136 5627 434 9007 79
164 5202 5474 8094 9335 862 1201 1903 1269 1309 9655 5826 9182 7320 8910 4311
165 8420 535 7911 9180 9023 8674 4015 7819 5795 7796 3100 2043 5715 427
166 9787 2336 5773 5268 217 6084 3001 4333 8432 8252 6253 6218 6001 7234 1611 7023 6044 321
167 2370 7534 9072 5951 7554 2644 997 9644 2231 4912 3432 4958 4985 5962
168 5639 6292 9079 7784 2639 2761 6315 541 6297 1583 5078 5678 3607 7110 3163 321
169 9979 8354 2494 3890 5220 2795 3318 4675 2682 1227 2346 4377
170 5283 3640 1992 7437 7832 7089 212 7881 1092 4378 7782 9453 6613
171 9895 3436 5034 46 6007 5017 6059 4454 9071 4231 8723 1305 2653 3752 6613 79
172 5803 490 3463 5658 5469 2989 1706 9020 6190 421 7135 6611 6141 979 321
173 2823 3622 3769 3196 8519 3152 9710 9980 4661 8728 5872 6458 7153
174 4727 4215 1846 2434 9863 7567 582 9576 3943 1553 2679 2847 8644 4314
175 3112 3116 7013 2698 5536 2684 3155 6169 8929 3241 1129 2511 2155 7880 2555
176 9198 970 1400 743 7564 11 9104 8452 899 3128 9467 7732 3074
177 4263 7729 4315 5238 3587 524 894 3031 9364 2190 2349 2182 3894 6613 2240
178 1535 4730 162 7940 7563 5464 2045 4551 6911 1034 2744 2240
179 9565 4813 649 3858 762 2982 2933 8675 3423 3096 5648 789 5033 1105 321
180 7715 6211 1068 6739 9303 3260 2335 386 5937 7363 32 4442 7806 9007 4824 4326 5507
181 1298 4306 2857 7044 149 6906 5999 3015 646 2039 6587 3516 7200 9907 6467 7413 1668
182 5254 5431 2861 4735 2781 4435 5226 9124 852 4486 9451 8807 4985 2962
183 8972 5924 3152 3689 7910 4685 7075 7372 9770 2750 7312 8716 3894
184 5 6011 4118 1189 2991 7546 2861 5126 1119 5112 3023 2327 2288
185 1982 4167 4404 8720 4078 5235 9430 2593 5157 9499 6748 8092 7883 1668 79
186 6097 4197 3551 3348 7831 8446 4609 3709 9481 9684 6895 2128 5064
187 2633 7720 3258 880 2311 2796 4908 2842 5570 3812 3412 376 2698 9301 1625
188 4318 4469 8914 6902 1662 8659 1155 9698 435 6499 4151 1429 7949 2240
189 381 3468 6327 6696 6754 1357 5055 8010 9810 6345 7861 925 3982 2962
190 3196 6336 3264 9092 4665 7646 2075 749 6362 6978 7153 3521 2288 8125 2962
191 439 1329 4631 815 3542 3322 7378 1486 7860 9293 4407 2875 208 1396 6978
192 7498 4756 5142 144 5478 7381 2903 4683 261 5780 4056 412 6938
193 7277 498 7100 2293 8804 3236 282 3382 3530 3061 5389 5045 420
194 5808 2643 5458 3621 7605 3899 7823 9715 4086 2157 3235 3553 6014
195 7791 6519 6991 3128 1568 8738 1936 9773 6167 4204 7219 569
196 605 4682 6010 548 6490 3260 4171 8653 5055 7816 6446 9244 2962
197 9250 6645 1395 6535 4126 4722 3838 6673 6670 2803 1670 8293 321
198 2691 9640 6702 4325 5587 5209 309 2622 2365 2536 3497 2643 7456 2240
199 2295 4529 1003 7757 4395 4284 9072 1144 7354 1880 1167 9952 9444 5386 3074 5715
200 4255 3529 6493 0 4414 8468 4139 2942 8834 3836
201 8597 3480 4044 7435 2919 7294 1003 646 4738 5824 6020 4199
202 4310 2726 5484 9872 8224 9459 191 9021 6299 3814 8770 8470
203 9764 2097 4243 8211 7643 6300 9526 2190 4400 8276 4482 3692 8290 712 8599 7429
204 3730 6191 9933 8751 773 8446 7463 6269 5587 6959 2065 8319 7606 8105 2962
205 1262 3296 556 7169 3939 1526 3913 772 2225 1381 4752 3376 5715
206 5835 8302 8201 7830 5181 7071 8864 7903 1977 1020 4660 8722 4326 3074
207 477 8803 8793 8297 7647 5184 6089 3571 3123 4949 1845 5268 5930 4558 6258 8125
208 1774 2603 7295 7351 4115 528 8939 987 7138 4735 3256 3788 120 833 8386 6296 9968 79
209 1468 3815 7314 2166 9063 7327 7928 6191 2296 2134 6744 5748 9160 1625 569
210 581 145 8922 7241 1548 5174 1511 5539 2742 9304 1314 6621 1289 3830 3936
211 2960 8986 8445 7965 1539 4485 8952 8203 599 2419 2379 7048 1319 6547
212 9122 1528 8418 3916 9394 4509 4481 524 7589 5213 2239 871 8754 1343 1042 935 321
213 7398 2738 2929 1508 4514 9690 3035 248 201 4649 4463 427
214 2674 8793 2291 6824 6639 4145 5911 6984 8108 3946 936 9689 2615 4035
215 7617 8090 282 6992 4959 2256 4832 117 7158 6388 4008 7571 137 9050 6296
216 4273 5002 3447 597 6431 1109 3091 9972 8198 9414 13 3434 1731 1668 2962
217 2205 2983 6684 6959 9333 2536 4049 115 3451 9296 8157 8693 5869 412
218 1724 8321 7926 2046 5100 5514 1269 6188 3214 7756 687 4362
219 1414 8989 6231 3694 4840 15 4851 5495 7311 3244 1255 183 5715
220 3884 5503 2703 1034 6475 9186 726 8507 926 9673 4610 2452 9704 1750 2555
221 3783 1451 2235 7424 180 5138 6440 2124 3151 9835 1219 3363 7204 935
222 8024 4179 8271 6871 7566 1374 1681 6715 2377 5456 5695 955 2673 9178 2555 2240
223 2837 480 7223 2360 7909 7449 8365 5347 228 150 2699 2685 838 7429 2240
224 1380 3445 9436 2125 8920 6931 669 6180 9530 5194 186 8133 8725 9197 18 3579 5245 2013 8125
225 5609 7776 6158 6354 7377 8177 473 9656 3622 6879 6223 2673 935
226 715 4751 426 75 9466 448 2487 6583 9316 3575 9435 4020
227 86 4993 5481 3204 9872 8224 9176 543 8804 8101 1479 3184 8125
228 276 4099 2608 4573 4700 8438 3788 6760 6988 4440 6170
229 9170 7155 5972 8738 3608 1973 7283 6402 3638 208 3584 2327 79
230 4963 7503 6452 1766 2715 6994 7666 3028 2812 5177 205 1058 9968 321
231 3909 2821 6962 1617 5161 1351 1549 6981 8628 4293 350 1878
232 6626 3508 9273 7226 1363 4917 2596 147 6402 6660 7939 208 311
233 9314 4706 6756 9327 9964 2137 8973 8397 1144 6569 9707 4249 3380 8920
234 9634 3149 70 1199 634 8001 6545 7157 3679 5271 7542 9086 5386 321
235 1438 6042 2922 4114 4646 7521 9793 1045 1612 5351 8268 1292 5762
236 4349 6316 172 8788 2791 973 7393 9677 584 3414 4087 5455 5724 6797 4901 321
237 1620 357 7371 1597 263 531 6637 4584 8580 8711
238 6423 1398 8544 3346 1409 2830 296 2585 7161 3727 5869
239 6177 4299 1945 2759 9558 3322 3139 4065 6929 467 7807 6968 3113 9842
240 6804 1730 1809 280 4845 714 3135 7090 9038 8133 8077 2014 6613 4816 244 5104 7949 79
241 5073 4570 4643 5358 2136 4221 2770 6205 8082 9997 6913 6705 1134 1784 9903
242 6503 4189 8596 4006 1563 9563 617 5994 127 7516 9283 148 3936 79
243 1171 4653 2398 7828 1209 1552 3564 3778 4603 431 2201 1066 3012
244 7866 4421 7536 6315 4374 9243 1453 1194 7314 9777 8125 9545
245 9498 1282 9590 2372 4030 4160 8492 1653 6829 7907 7842 3207 6465
246 2289 995 1562 1729 9872 938 5634 8627 8672 7992 1984
247 4814 6196 471 3148 681 9505 2793 7305 555 264 4260 9029 3032
248 3132 4248 9115 5566 4378 1536 1059 2330 859 593 9518 979 6547
249 1615 9920 2043 8488 7754 871 5157 7651 2527 8650 3418 896 7713 8387 3894
250 2353 3560 6607 6976 5145 16 5180 6879 7338 1918 2540 372 4071 1343 1668
251 2518 8967 5062 5922 3138 8717 325 1347 1432 4540 8560 299 218 7806 4377 2
252 792 2098 8046 7352 4983 2326 5753 2767 6246 5365 8505 6095 6141 2555
253 4040 746 7114 9705 7380 7150 6708 3433 9249 7153 935
254 3329 8610 4530 7398 1936 2976 3100 6108 3884 1531 2653 1710 935
255 2569 6558 7368 684 359 3212 819 526 608 6386 8312 7085 1375 3894
256 929 2959 2722 8720 6665 1963 3743 5091 1665 3585 573
257 3200 4 9046 4609 8084 2473 8219 8575 2818 1860 6082 1125 7699
258 7191 5760 1753 4812 7086 8654 9115 5255 6793 4842 3153 2792
259 1158 7165 2755 3134 1371 8956 1960 6181 1210 475 925
260 8208 6937 3752 88 7362 768 6474 3429 7311 7487 5192 5434 585 9848 8134 2962
261 1416 3051 9203 5657 3239 9508 1976 2907 7131 6615 7732 3982
262 8963 4945 4077 4546 5423 2829 9610 1502 3344 756 8509 1157 4567 7992 3894
263 84 3431 4226 646 9771 540 3446 1325 4388 9498 4116 4853 208 1979
264 1290 6374 6856 318 9911 3298 1717 6224 314 6241 1554 8838 952 6258
265 5646 1585 7527 248 9265 6001 3000 451 441 5155 2090 3320 8871 8920 3783 9244
266 7629 8955 11 8985 8266 3598 5094 1976 4102 7059 1091 7883 2
267 8465 8483 1463 1376 9902 2985 9318 5279 6341 5468 205 1117
268 6362 5606 6430 9718 4293 5171 7859 3362 2378 8112 4007 7688 7790
269 2843 8837 9769 2060 1426 506 2332 6473 9067 6048 5326 6021
270 6738 5565 6606 9873 1055 1652 337 4610 482 3157 7998 4490 3061 6404 4035
271 583 8428 3971 2516 1063 8903 3529 314 9379 506 8044 1504 3982
272 3026 8118 1331 5091 2248 6776 2346 8271 7038 2611 5748
273 8542 506 6488 645 7969 3257 6519 7894 2760 4624 3830 4199
274 120 152 6278 2755 7121 8506 4889 6257 4586 6130 2798 2062 508 7285 3830
275 6754 5049 1847 9446 915 398 5980 2421 6452 3155 7948 332 8300 8495 7219 8812 7762
276 4043 4838 2736 5950 4472 6985 9263 7342 8868 4013 3990 5543 8212 4199
277 5369 2035 7093 7353 5461 2401 4715 4938 2033 9939 5105 8912 155 4400 9930 2790 7762
278 5689 2280 6593 8983 8318 2347 3356 7011 3585 3630 780 9903 9533
279 9363 9660 8584 5351 9350 2239 3548 5637 2543 1948 6675 6323 1353
280 7947 849 4898 4153 7531 1698 9811 9791 3418 2666
281 8899 4699 3954 5850 6010 679 9296 9221 3358 368 7367
282 4394 8760 6168 3062 2291 1355 9445 2846 308 8406
283 6318 4493 6974 1170 7192 8514 779 3233 8480 2376 2653 6102 4341 7762
284 9221 2214 7201 6009 5579 9142 4648 5492 1430 2340
285 9817 6396 5318 114 8457 2507 6602 5169 2205 1368 8069 3012 9533
286 3079 4119 2446 4277 3214 9226 6112 6736 2779 5034 6590 1962 3479 3528 6537 8491
287 8219 1966 7262 1932 2877 4257 9805 8694 2754 9737 5739 6071 2760 2662 7949
288 6263 786 5510 8287 6970 4649 1628 1718 5494 793 2605 961 9730 5504 6030 3074
289 4320 9508 335 9051 6811 6239 5807 5085 6456 5113 3745 3961 1625 5869
290 4582 1850 9400 4829 9532 2328 8661 6002 729 5961 8732 7782
291 3552 3992 4910 9641 7437 2156 1210 6319 5271 7739 4343 1496 7699
292 7618 2896 6205 8879 3142 6121 8483 1309 6743 3596 3726 8958 6492 5341 4909
293 5930 766 125 4083 7106 4729 1590 5919 7350 6201 6465 79
294 4424 7642 2658 8481 3759 7290 8108 3886 4645 3004 8994 2962
295 5754 5153 5631 8806 1973 6441 7271 2501 1081 4752 847 780 7709
296 9000 542 2041 7063 2530 152 2918 3115 5001 6786 4053 6030
297 1616 5371 6080 326 9231 2504 7294 1336 4409 3657 2650
298 6481 6948 8686 3989 2035 2726 1038 1770 2695 5471 1831 9260 7379 5322 7709 2986
299 9395 5070 5419 5827 986 4983 2834 5344 4246 597 9358 8005 2962
300 2057 858 1075 4166 760 2061 7500 9927 8228 2502 6869 5103 4345 9979 7438
301 5066 9306 4609 7680 1756 6104 3667 548 1021 2349 7413
302 7282 4771 6440 9566 8289 8036 5718 4187 3411 7392
303 614 8178 6257 6791 6939 5206 7000 1076 6 2173 3262 7439 7883
304 3216 9792 699 8669 8201 5995 3655 1431 390 8841
305 2710 1399 349 2363 533 6519 8202 1818 936 7355 2155
306 3499 7603 9305 1846 589 9552 8657 4507 5778 8309 1154 1774 8994
307 4634 6873 9119 2548 736 1818 3161 3653 4276 8406
308 2774 8862 3854 7885 9188 501 3876 768 4966 9543 5612 8291 9467 2240
309 5059 5290 2532 2582 780 316 2134 6691 3545 6152 8210 979 5848
310 4586 8395 8699 631 4815 3383 4731 7688 6099 8911 6624 3189 9788 676 1813 7085 719 5762
311 1508 6538 8434 5722 4604 7002 7863 3017 9006 3012
312 4072 8230 2403 5516 8990 3291 8847 6777 7540 8350 686 7333 1752
313 6518 1948 3463 648 5002 6035 6339 4000 6044 1694 7838 5679 5740 951 1784 321
314 141 3015 6685 6757 6468 9728 2124 2567 2076 3020 3077 4326
315 9192 1220 7712 5388 4554 805 6422 4512 6554 7650 3630 7456 9533
316 9897 9566 1414 2541 5389 6859 946 4922 7658 9638 9656 3883 5462 6980
317 1636 6951 2766 3881 6004 1591 2312 7183 7474 3377 8125 2962
318 5011 37 7278 8339 411 8890 3516 274 2975 9253 6258 4199
319 1881 4940 9820 858 9455 6741 7131 5484 6413 1262 413 9293 4403 3125 1552 1670 2555
320 8271 9803 1738 5089 7390 1702 7371 2808 769 7375 369 5762
321 5391 4580 7528 9134 7668 9035 70 5166 9866 6226 5109 8294 4531 6482
322 9319 3495 6628 9704 7909 9958 6218 2576 9559 3785 6915 6923 9829 6675 148 3012
323 4390 9154 4920 5874 1206 4946 4034 4892 7089 5790 2897 6827
324 1172 2423 979 5723 9673 3382 8250 7816 2553 1138 5547 7219
325 1836 3973 7051 3654 7346 4328 221 1622 865 2685 1534 79
326 7627 2942 4958 5268 5634 5050 187 7620 4023 5661 5322 8491 5748 321
327 1745 6490 3286 8974 9348 6840 5637 4877 5292 9279 5241 9134 9014 6360 5962
328 3273 6295 8249 1775 1314 1086 3333 2049 1319 9303 3137 5719 417 9669 1668
329 6698 3067 3275 3028 8457 7562 9635 299 4195 9853 7951 3961 3753
330 7675 865 899 9577 6885 7058 1908 4162 1946 697 1439 7361 9008 4035
331 1675 3346 797 5694 2279 9628 6597 2197 9008 3728
332 3056 316 725 8819 8213 5124 2082 8412 5584 7765 1799 5758 3982
333 8521 6380 5602 6829 2688 529 6112 3323 5172 8772 7457 2349
334 9752 9762 6506 8463 6164 5312 4674 1829 3597 1429 9244
335 798 9647 78 7604 1335 8777 1107 5652 3247 7243 5316 1752 6547
336 5051 4576 5887 2690 8025 7437 4412 9882 4979 5515 8722 3982 321
337 6381 8020 3626 5682 9928 5199 308 8329 8430 4390 7454 4558 9013
338 2836 7340 3867 5491 2855 8004 7155 6700 4070 7513 7949
339 7985 4718 6696 5308 7900 5676 2105 4101 7260 4586 3743 2923 5647 399 3012
340 8553 8107 6335 2172 2135 4655 9688 2732 5000 8499 7289 8406 8994
341 3767 6431 7526 3927 6139 8262 3459 7036 7246 2608 7627 511 951 1534
342 415 7581 9451 4994 9547 3279 5486 506 5982 9581 9299 447
343 9168 4237 4171 272 2112 5013 9905 59 3265 3908 6819 3865 4234 5869 427
344 8110 7322 647 8894 7578 4285 9763 362 3378 8004 2657 7060 7240 1534
345 6767 8286 6116 4873 8032 8827 5148 1824 7042 5031 2044 8978 4340
346 6213 882 78 373 169 6291 7083 2091 8314 5514 698 3036 5014 2986
347 4538 6382 4442 4285 8419 5312 1491 6860 1268 5114 4171 3053 1710
348 2635 2688 7367 6695 6271 2089 775 8529 3502 8897 5848 745
349 1389 1517 9066 532 5991 4577 4329 4683 4177 7678 2485 1601
350 7334 1286 6690 5184 5723 1614 2337 8443 4243 7120
351 6866 6172 5439 8153 5382 2476 499 568 139 5880
352 8237 7299 1696 2486 3313 7173 9819 7574 3347 5681 466 1125 3032
353 8317 2406 5581 6114 2076 7079 9319 9377 5377 1041 511 2240
354 8758 54 8522 9997 7646 7654 7928 2855 240 8703 6437 2856 8841
355 338 4348 5928 654 2316 1810 7847 3598 8270 504 2393 1483 6060 2058
356 4298 1379 3243 5885 5074 5147 1424 2591 3116 9989 9879 9019 8936 6487 6534
357 6234 489 6706 2258 1637 6206 4429 895 4601 1347 7912 4526 4909
358 6345 440 464 5363 9339 7999 6295 1213 761 6467 2643
359 7760 4672 1549 8602 490 2024 2048 7301 7088 9533
360 4050 4223 9727 7571 7482 7603 1651 2811 8725 3557 2322 1083 9659 6613
361 1816 9715 2210 9092 1519 5778 8658 9359 7968 979
362 2300 4448 2090 8072 2816 8122 312 5228 5803 9816 3395 2288
363 2401 282 9690 8540 529 765 7181 1124 5590 8815 3113
364 5801 28 849 5444 4808 9005 9041 2888 698 9066 6799 7585 9519 6538 3074
365 3316 2242 162 5829 8111 704 1953 9125 4415 3148 5415 7057 3557 4021 4286
366 258 3022 2169 4154 6401 9680 3628 2311 1726 6303 2512
367 4595 1109 8486 5766 7784 3118 3169 5176 4640 7736 7949
368 487 2154 8122 3546 961 1318 8880 3796 4905 1017 2155 5962 5715
369 2755 1239 7399 3527 6051 6753 8349 6426 980 8885 3877
370 4135 1179 9524 9941 3271 7800 1208 8954 534 7373 3607 5860 732
371 3628 2283 1639 2331 634 3057 9902 2350 2741 8307 2943
372 3568 834 783 7824 3743 5722 4297 8496 5223 5195 6246 3022 4765 3432 7883 1668
373 2471 1998 6286 6541 4420 3205 241 325 9932 482 2060 6608 4199
374 4312 3133 6563 8737 2558 9332 6812 4186 2860 6770 3146 9842
375 7417 8961 3568 6191 9509 9485 6325 3334 117 5727 5250 6651 2857 2304 7762
376 6968 6555 6216 912 5908 2800 7775 5843 358 6436 2558 697 9886 7104 5692 9048 6611 4531 3376
377 8194 2168 1890 9664 7663 213 1660 2954 4289 295 4386 8078 9842
378 6732 2568 26 7837 2270 8964 6755 9127 9959 6819 2666
379 1942 30 1748 860 9104 6033 1308 6156 8280 5691 8920
380 1618 2413 3362 4971 7872 5068 8511 3587 2976 3915 5704 4863 6143 3533 7699
381 9568 3534 8625 8713 7347 7999 6396 6510 8822 7896 7456 6054 6938
382 3170 2882 1654 2669 639 5864 4982 825 648 9483 7659 3408 2128 2288
383 9081 1017 9714 4365 5835 6673 7602 9699 2881 4026 901 7167 6054
384 6549 4466 5086 1288 2979 9559 5976 9585 3461 2936 7509 4923 9007
385 1997 8432 1273 2262 4736 7638 1204 2440 8622 8801 3253 1150 7997 5715
386 9733 1693 1002 7263 1773 8600 8056 2765 909 2680 9723 2650
387 5960 1438 4138 6213 7268 5568 1795 6205 3520 6250 9244
388 2242 5691 2289 635 5158 9908 6136 6489 7939 1665 937
389 129 7554 3903 5236 3341 6826 7264 6094 8712 7419 7153 4457 7762
390 2395 3671 2082 3310 2712 8213 8639 1491 590 2228 1625
391 9113 6930 5056 5369 287 1194 1914 4694 6205 6608 6101
392 1851 592 4844 8071 2986 8932 1613 7408 7749 1863 4292 7222 6789 2532 7127 6258
393 326 5267 605 2381 7355 9983 9636 5689 6120 4733 6413 9731
394 1484 1410 3200 5289 2253 8407 767 1742 6897 6445 6482 745
395 9031 6016 9096 3231 8503 8737 5753 4564 4533 6593 7049 8491
396 345 2992 4169 8090 904 9534 4393 8572 2423 9936 1996 7128 5673 6360 3304
397 8837 2873 6158 9350 6767 4704 3988 4097 9902 2733 8700 254 4234 5762
398 8774 7319 5298 610 2767 4608 9437 7626 3943 5104
399 1917 9187 6697 5729 3005 3189 7180 669 3135 6384 6385 5873 7434 6099 7630 6030 4855 6938 2962
400 6852 993 7694 5845 4370 8206 7945 588 3661 1556 4368 8958 7880
401 2580 1725 4955 2921 9181 3777 1835 8265 4740 6565 5338 8345 9968
402 7950 4157 9628 2030 847 6185 7295 7668 1165 2205 5329 6396 450 6343 5111 7709
403 9928 8515 8505 7942 9597 2997 6299 2850 4302 3093
404 8732 3136 3015 1025 6444 6368 8962 1580 1773 7564 6206 3491 4692 3981 6613
405 8073 1451 7080 7729 6563 3633 8035 3547 9226 5451 5458
406 1675 5786 9507 4331 9517 6138 1727 8879 9829 7720 8687 427
407 589 4872 6834 4220 8661 7719 4711 5289 522 7904 2518
408 1620 7588 7008 8710 8372 51 5998 2269 9422 2727 496 8105 4679 935
409 6226 6272 2450 4921 26 6837 8373 8286 3818 1488 3199 2185 5064 8696 4035
410 2411 1660 3585 5128 705 9192 5549 4305 8990 9326 6413 9994 4176
411 9831 3366 9678 7578 5770 466 4270 3635 286 1362 4924 4093 9160 7699 9842
412 7588 3111 2153 1831 8810 3720 4721 1430 769 3664 8364 3592 3673 6909 6270 9007
413 3097 568 8338 7900 8474 4584 4299 5849 6309 5093 1791 8418 1328 1668
414 3729 8981 633 1109 7385 1326 4954 7840 8247 8090 7861 352 5412
415 7103 7892 9870 1248 318 983 8244 1893 9725 4463 5340
416 6689 4903 7873 2014 362 7576 2766 5599 9602 5849 5416 6889 979
417 887 4305 462 7358 1192 3043 4233 5577 8822 2716 5920 7318 6115 2003 569
418 8656 8454 7505 6381 757 4360 184 6188 5532 9876 6970 3837 5917 569
419 3536 8346 1646 3995 2111 5183 6745 9820 4572 6163 8217 9731
420 2357 957 42 7100 2504 4111 8610 9735 3864 6778
421 703 4932 5498 900 9096 3122 9843 8461 5028 4440 5195 5685 4828 4463 2288 3936 2240
422 1144 1837 5316 5044 7865 4094 2175 5451 2763 986 4060 1880 2616 7496 9385 183
423 2098 2464 1447 7745 7867 7607 3862 3310 3231 6108 5659 5365 8978 569
424 9895 6213 7952 7538 7450 3832 6924 3055 4225 232 5607 5483 9374
425 6138 2453 6217 1817 2061 8879 9015 4258 2985 3256 5412 2630 8293
426 6192 6427 8096 5907 3711 9123 3055 4082 7351 6627 1779 9404 3012
427 2136 2311 629 1443 7704 9980 3179 9164 6204 2998 4937 105
428 8239 2037 9885 1694 9808 9041 1783 6808 4713 5637 4646 8092 2340
429 5263 2245 2588 4852 5727 729 3597 7539 6315 9592 4765
430 9337 9 5994 7909 372 3448 6784 9865 2115 3759 5546 774 6920
431 4994 6518 9680 7115 7277 5833 693 9946 8613 9326 5880
432 2200 2788 9838 786 4434 7322 125 9092 4914 3354 7438
433 5708 7377 2950 6741 4908 4637 7841 336 2567 9936 1496 1979
434 2215 8768 2935 3625 6235 5955 2243 8295 3597 3468 6613
435 4545 5247 8274 5386 2466 680 6429 668 8123 5944 6221 5006 5339 7883 6613
436 3301 9272 4590 3420 8038 2216 3900 3327 9230
437 8470 5798 7341 6343 2715 7742 7441 7957 4587 4520 9559 9235 3684 244 1248 2158 8005
438 9123 5439 366 4522 4850 7066 4438 6176 3889 1075 3936
439 7174 9338 9416 6592 1176 2118 6728 86 7086 2919 4472 7606 780
440 1468 2718 9106 5344 2091 9335 7128 7797 2283 7961 5483 1774
441 5147 3189 5963 2835 2380 8510 741 9898 5038 5762
442 5792 6821 1606 7030 5821 7342 4462 1376 3775 5189 8684 5716 3715 3465 4944 7521 1601 9533
443 2814 7324 8819 1417 8374 919 1169 3088 8966 2115 7756 5848
444 2736 9859 7356 8824 2994 3566 1868 4820 9481 1220 3702 992 773 4274 2858 9573 935
445 4363 6200 6947 4088 1446 6089 9603 5154 8753 5983 4591 7321 3249 8644 8994
446 4988 8724 253 4410 9782 3536 3570 7229 8335 9803 7413 7296
447 4856 9886 3735 2380 2326 7819 3406 6221 2552 5435 5810 5258 9968
448 4030 4956 4691 2283 3391 9153 7796 1723 5312 9549 1515 9211 9265
449 7174 7753 8464 6634 4257 345 7274 6425 4281 7566 6677 6292
450 9337 587 7955 4247 8225 6118 5078 8828 6160 3408 1095 7542 6945 8406
451 3101 6688 1638 8739 4028 655 3039 8886 3486 9367 5176 369 935
452 7387 1820 2124 5697 3774 8261 7931 3229 199 7883
453 5890 686 3599 8611 6783 3211 1318 7262 9804 6356 3576 6149 9968
454 8254 3907 4558 2630 1340 3979 5859 6325 9686 6644 3404 2590 8344 8043 9007 9533
455 4653 8622 4146 1974 6738 6286 5823 8967 3668 6997 2847 8591 847
456 8801 1650 9419 4149 5623 1782 3033 3657 6072 931 6355
457 8578 796 3910 7829 3735 8529 7009 6366 2233 5867 1344 256 4745 3314 1343 7699
458 5328 2059 88 940 9604 1952 2481 9253 8958 603 6934 7599 6570 34 4350 1710 6955 9669 6547 9244
459 2160 113 1460 2995 9801 9644 7006 8877 1777 9040 5156 6613
460 24 2039 1003 2359 68 4603 731 3478 8350 2599 5922 3944 9842
461 4230 1037 4976 9958 3452 7084 9336 9740 8050 3777 3818 1822
462 6777 2245 1672 3025 7999 1160 689 3546 3725 4398 4060 2643
463 9117 8481 1003 3743 5107 9088 6270 4986 6361 210 3665 6030
464 3122 8079 7036 8669 578 8712 1844 2542 2861 6193 9829 523
465 451 3436 4355 8056 4893 5236 8638 7083 1411 3282 2218 7049 5341 3074
466 1906 5369 6724 3205 3192 766 6425 2560 5662 4377 9007
467 8507 2894 8763 7152 2844 7989 210 6100 8522 3427 6154 9266 4431 3659 3563 7860 9806 259
468 7256 2673 1936 9721 4050 5129 6984 1477 6747 8285 8481 301 6759 3125 1657
469 7723 5297 974 5509 1899 1394 8080 6398 4888 9957 4539
470 9528 3397 3068 8199 5091 6891 8865 3523 4518 9160
471 998 7154 5781 2562 3117 5829 9883 4267 320 330 5339 935
472 4918 4305 2676 7156 4845 7570 4429 1163 1435 306 5005 4691 6258
473 7115 3196 7106 6996 5701 1230 1006 2023 3093 238
474 8729 3922 6641 6395 6789 4784 7376 2420 4159 7343 2319 4011 6161
475 9767 3120 642 3745 3782 5531 7349 3096 9168 8303 8638 5293 9138 7410 84 1534
476 2511 3737 8501 725 9765 5092 9626 9503 4223 1963 6021
477 2306 4117 7810 353 4674 461 6907 1061 542 9317 8078 1414 6537
478 724 5694 6090 4473 186 7742 684 1896 87 6170 6054
479 8089 5482 3480 3825 9941 7802 3867 9817 1885 3268 3331 3584 427
480 5008 4753 4973 2048 57 5493 1458 8773 4566 2615 8431
481 4895 4668 2402 9159 9196 865 3126 8813 5986 3262 6855 4923
482 2446 2934 1431 9415 2710 8875 9487 507 4439 5773 6859 1962 4985 321
483 9064 6637 6524 1591 2614 6888 2279 1191 2215 2393 8445 3602 9007
484 8458 9277 4840 3300 9517 996 7090 1274 9803 4896 7163
485 1508 9846 1303 4001 6217 6878 3280 324 4982 2674 8990 5748
486 6299 4798 2031 2223 3251 7005 3021 6245 8160 429 2976 3453 1121
487 5355 6745 7347 4070 6124 9196 1698 3978 990 4789 9551 8491
488 1836 9570 6274 7566 4586 1883 9011 3501 2361 1878 7874 3012
489 9021 8527 7927 8443 5761 4538 8056 9980 7485 6551 183 7699
490 7550 3193 4107 1316 5418 6752 2231 1437 3419 217 6230 8810 6836 8711
491 5495 2606 6172 611 2852 4036 5235 7332 3612 9224
492 7326 5432 3610 1320 2749 6089 2147 8990 8012 7128 1301 976 3048 2904 2555
493 3215 5348 998 5273 9248 7520 8722 9161 7367 8037 2297 1566 7116 8512
494 4138 7187 5874 6719 9766 1798 7131 6755 729 2505 321
495 9498 3919 519 8864 2735 3989 7567 7330 4704 4204 7127 6358 3575
496 6137 6902 6019 6690 5165 3629 2511 5791 5672 1276 7048 4664 9990 9533
497 9421 6613 5583 6694 8443 7793 4703 7627 3746 6809 597 2003 8716 9007
498 354 967 8600 5845 3706 4659 5180 6900 4873 7134 1059 7969 2645 2064 1721 6054
499 801 2364 2813 6334 3940 9656 7642 3384 9992 3092 6528 9533
