100
0 76 32 2325 5 12 2 0 1 14 1944 46 95 1717 414 16 3 1776 6 1999 330 231 7 172 4007 93 6607 2246 27 0 61 13 6192 708 679 1263
1 1743 2 0 4791 1039 6 5893 186 70 1 28 136 7559 12 9575 2571 4 1927 5782 0 1579 180 591 107 0 362 518 160 15 3160 7 138 583
2 330 3713 32 1 1457 1935 0 712 384 270 3330 3 121 8 122 79 13 42 5 0 2040 9373 33 6 9167 200 4 2 314 496 69 3244 5661
3 0 1 2 3 2 0 0 3989 0 0 0 1 1 5 723 7231 0 21 6229 216 313 232 0 3323
4 120 13 0 2 5932 476 8 408 310 1 27 5 11 30 4834 23 6 1 137 0 7 47 6376 17 4 0 0 2345 534 68 397 96 14 22 1680 3 8 2818 1482
5 236 25 0 7864 24 6 1926 90 0 30 31 0 16 0 0 3 1 1364 1112 5 77 0 130 641 240 2 2 7 390 27 155 3389
6 19 799 0 3558 70 377 1 20 288 0 181 45 0 52 2 3 8906 0 178 16 17 0 6 8 0 0 1 0 197 1502 138 867
7 1 1851 90 4 3 7480 871 105 3009 0 868 1072 26 2 822 33 20 12 160 170 6747 61 9 4 6 7 16 168 842 5929 637 968 1290 1310
8 17 2128 590 38 28 0 22 65 158 1553 470 2 1 1581 7056 1023 9 0 57 64 0 14 15 3425 0 7 268 0 4 0 1363 3765 422 510 28 909 8 1290 3198
9 21 280 10 0 46 1 1325 119 0 2 169 80 1 1248 9479 3 6005 2831 8 91 9 1 23 7 1 0 26 0 15
10 1485 152 1077 3140 86 3 9989 7702 683 0 172 12 9375 23 26 15 8 46 0 30 4190 367 52 643 1480 38 5 2399 0 14 1019 2 14 716 948 1737
11 0 18 1 5 2 1 160 0 6 14 13 151 4 10 200 133 0 1 194 6161 87 3 0 2836 0 3182 5313 193
12 0 266 43 16 257 4 1 39 25 45 102 7 1 68 9 10 8 80 4167 1 344 0 3 1 902 194 2 14 583 621 1263 2264
13 3 109 14 57 25 125 9677 44 13 8 4397 15 20 150 0 4 302 2947 1 118 0 0 199 1037 2 0 6 17 0 4911 18 27 355 2264
14 169 9109 3698 833 4 569 0 1000 7 5 17 63 332 0 8486 1452 1 44 3 92 177 1 302 0 236 2096 496 0 0 27 4 2857 176
15 1 0 2 12 19 1270 177 630 869 25 64 100 133 4 6 14 45 1871 77 858 982 569 3124 150 15 3878 580 4533 98 120 1173 164 1604 1310
16 0 1 2 4 0 0 0 2014 3 6031 446 3842 0 3228 1818 12 2647 8365 1298 0 2491 1759 14 88 819 29 3309 5526 621 1315 4371
17 2131 12 1545 33 11 7941 3 0 29 31 1 48 1963 312 8 0 146 91 4 719 0 6 50 10 7 19 485
18 0 600 130 0 9 0 0 2 0 547 0 99 1 8 5634 0 367 19 2 46 14 57 269 5111 1 4275 4 229 8 8 5381 554 708
19 2925 724 175 0 769 4 139 67 1244 59 216 159 5 13 54 3801 11 5427 18 2 1289 27 1216 2492 34 160 97 22 287 1 0 268 4978 252 120 708 708
20 0 1 6 2 4 0 1 3899 14 3320 0 16 402 3073 1251 0 1 0 4 115 56 38 465 1886 0 7 2930
21 1 0 40 0 2 3082 3025 1375 13 9804 45 1097 3573 7 7479 19 108 2425 11 0 131 1023 0 156 46 256 121 5 20 3475 0 54 36 4247 7242 138 138
22 1286 2203 1506 2932 36 269 0 4 751 0 26 0 7 2450 8157 14 4 1 863 56 2 0 5 66 2 3 38 2072 1628 75 55 196 126 4247
23 0 6 1 174 886 39 2 6570 801 7 0 0 11 169 3001 4 0 5564 20 0 7584 30 966 61 3 19 122 457 332 6238 9559 6138 2060
24 0 2 550 5294 1 7 6 1253 30 1067 5167 4113 0 59 3 596 0 4571 2 0 1476 33 41 20 4958 1 0 4 3428 1954 708 138
25 0 44 8 1 3 0 0 4 130 23 5 6260 10 0 178 4722 1 1 32 17 2 2 0 0 3 2 120 138 5482
26 2 138 0 4 0 26 0 24 29 0 487 1 1133 890 968 0 3935 0 86 140 1443 80 5415 79 509 64 279 11 325 12 5 1912 1283
27 1 0 1137 4 2425 39 16 3 53 2207 204 8 6 33 1889 5364 10 257 43 6005 0 23 660 11 0 14 15 2 1 1917 20 6668 2848 3097
28 0 2 1 3 6 433 1026 1 1 0 3 6 6 0 119 3 95 2 7 4 104 0 411 0 2115 531 63 252
29 0 1 2 3 0 129 4 6021 84 0 80 7303 0 7306 375 887 75 0 142 822 0 481 1 2885 1442 135 243 20 1 468 1077
30 0 2 4 6 1 8855 0 0 52 0 3 12 14 1415 5 1 1282 145 70 719 0 0 0 378 7 8 163 310 815 9 7 2848
31 4 2 1138 0 694 3 0 1 0 206 0 190 0 1 1 513 7320 66 0 92 44 49 127 0 2 1159 3199 28 126
32 4334 1498 0 13 1 2 2700 3 1 6 270 0 938 357 352 2 4 5 23 637 3731 29 0 1027 371 1 9 0 242 2 155 14 8 176
33 742 705 97 7328 3204 214 1558 0 47 1 2 4 28 239 6 1828 0 0 670 19 1 1 222 13 1 9 8 3 27 37 69 3931
34 752 3003 14 3 0 224 1 305 2270 9 37 500 50 39 2 1965 9767 84 4 133 128 0 4 0 102 1 1324 2453 2014 100 6 1809 63 900 1263
35 0 2 1 3 0 0 0 11 11 4 19 95 186 2 1782 0 1 0 5 277 259 301 0 164 0 502 19 7 3537 102
36 0 7 1 2408 2 130 1 162 15 513 214 3 81 4300 0 137 714 67 163 0 631 18 5545 2 1 0 120 977 859 3110
37 0 1 2 4 5609 2 3 2 52 217 44 0 17 16 3 9 0 57 444 35 21 1540 5208 9952 2 5 3218 1 75 5 7 268 8 1290
38 0 4 2 1 5675 1329 194 548 534 6 0 0 0 903 0 249 10 0 9252 61 14 0 309 1358 735 231 360 225 155 8 6656 176 3097 138 1671
39 0 3 8 2 11 20 1947 1 32 493 837 0 1 1 1 3366 811 0 0 908 40 6 1578 1608 1051 1296 7 176 126 1671 968 5921
40 1 14 1880 89 3 2153 0 2 249 7 8724 19 1 1321 4 44 0 0 1210 0 364 1 1 0 111 9 1241 825 32 1697 176 1263
41 0 1 2 105 16 4 1 0 0 1 15 44 35 1 97 177 11 18 1562 118 309 3616 241 0 690 2151 2 554 2848 554
42 91 7 0 262 3004 603 119 574 227 7 937 1 11 213 1030 23 1211 39 7360 374 8 72 35 5 2 0 21 294 0 4429 29 3663 121 1495 27 5150 2076
43 0 3 1 10 23 4 110 62 1 5205 2924 2 291 15 1527 465 1 773 32 0 0 0 4252 0 16 158 899 1951
44 0 102 7 0 25 592 0 33 5 1 0 2 22 0 21 42 0 6 4242 0 704 6686 44 1 390 8 165 152 245 6986 7624
45 0 5226 353 6 248 2725 31 733 110 3 4 75 0 204 2170 145 0 225 0 1 0 229 1 1 128 6038 69 1151 176 6729
46 22 2 21 201 1 3 29 452 3 466 338 6 5 1183 396 4581 584 3 0 16 0 1361 9864 20 59 1264 46 5 1270 1502 5429 355 2591
47 10 13 0 150 1 1424 187 65 1201 53 0 758 261 742 2 6 0 947 23 19 183 894 14 0 257 39 7 18 9 74 8 3767 138 3975
48 473 0 3 2 1 632 0 0 2945 3193 103 6285 0 7 147 5467 12 339 10 133 8 568 1 22 75 1 19 68 114 367 102 7007 968 554 2153
49 0 2 1 4828 144 5233 171 687 6 8738 680 202 60 15 1011 37 0 14 2236 868 157 125 13 108 0 85 158 12 5 1932 4342 16 8 7 27 138 1671
50 0 1 2469 514 4 2 6 1 14 146 11 19 15 548 114 455 201 9569 9 7627 0 93 352 0 1 7 3 22 59 8
51 2148 508 40 16 7 0 7711 0 5031 4 53 1 0 143 104 7 180 2 6211 304 780 0 12 1 99 52 2642 426 2818 138
52 0 1 1 2 23 2974 207 33 377 12 44 0 7 1666 3 28 0 104 1 91 4 71 105 317 0 8 668 5851
53 1 0 1813 2 3 876 0 10 8 20 0 2211 0 3764 594 5 60 1 0 0 0 5850 858 4 67 3125 329 1395 4977 6604 155 2060
54 68 578 204 51 586 2 4 22 214 741 0 1 3 237 437 9 478 2726 5195 2 1867 89 26 202 0 131 14 7 63
55 13 43 704 458 84 36 7 1 310 8325 943 0 0 1009 27 38 2 1 0 2 0 11 6 14 108 6 656 3 56 155 2 5 2448 1184 6887 138
56 0 1 3 2 4 10 16 5 1890 1 42 9 0 37 3176 1 3529 868 902 1 1457 2 1787 2657 1 16 11 21 914 8 155 3756
57 1 0 13 2 55 375 0 572 3 67 281 17 0 99 4 1 47 0 0 6270 2 6147 78 162 1 196 9 19 546
58 20 21 0 11 66 0 585 3 0 42 0 143 1 79 1810 0 75 1003 1004 14 529 5297 29 0 47 0 371 8 968
59 0 1 5 84 9913 13 1 2 43 756 0 1096 3 5350 35 0 3002 34 2736 0 15 32 3843 0 1 1 0 5333 914 27
60 0 19 2 1260 473 103 4207 4410 8 1 1504 6 5221 4 108 1677 15 2 140 1885 2925 3 10 0 0 258 71 29 21 355 3046
61 20 207 0 43 19 2649 5 3 36 0 6061 1 773 0 3036 4 362 6658 2928 3116 1687 2 8 22 639 7214 12 4102 9 37 28
62 0 6 1 162 0 4 2 4 1880 1 0 1 4 7 8258 320 6629 0 2 37 0 0 8 16 9 98 1391 8892 19
63 7121 71 0 1 13 12 23 2209 476 1524 2 0 287 22 0 0 0 2 66 0 4 0 2463 13 90 1 167 8 57 583 3097
64 0 1 2 1 2 73 29 1677 358 2 3 1037 77 2 4 0 6 1713 1 9798 17 251 2 15 1601 11
65 122 0 546 23 4962 6 171 238 1 29 1 2 220 21 1 7 1 0 1329 4 3 0 13 7155 4 18 39 967 9 968 5482 155 9517
66 0 1 3 2 8 4709 4374 408 3 14 994 5 1126 0 46 0 171 5 1 57 9520 1 118 92 1 2518 263 6411 1260 22 404 3767
67 0 145 20 2 3911 1857 8 3 0 23 1 10 0 34 143 250 4 2229 30 644 1879 0 9085 2758 2 558 0 1153 184 9039 1334
68 0 1 2 3 1450 93 1228 0 702 15 790 6 66 357 39 3 9 1 861 0 7 4421 32 6 1 1229 712 1012 1465 2216 138 1310 7055 1502
69 0 6 0 1 1 5 191 2 192 18 1 7 1 0 3 22 0 240 13 6692 56 0 2919 4 6 1 5954 973 8 2100 6165
70 4 1 25 28 2439 0 5016 21 6 7 2 15 13 52 11 37 368 36 0 423 3327 10 0 46 3 595 19 5 34 3164 17 859 5661 2780 3831 3244 6459 3975
71 0 1 3 4 400 2 0 48 586 25 0 5 532 19 1 11 2355 6 0 5 3 0 390 21 1 0 164 1958 968
72 0 360 10 0 1224 1864 124 1 1 3 19 0 5 0 2 437 0 4 458 121 1209 1558 3163 8660 558 23 14 121 583 138
73 0 1 4 2 10 2 23 15 9589 0 30 7 2708 9739 705 0 891 0 0 246 73 2 33 139 36 11 74 1562 4 0 19 9 2659
74 0 19 245 1047 4 13 1 141 76 1463 0 47 938 450 4 47 17 1568 36 38 1 5 1 0 0 2 20 9 8 9 138 155
75 4476 6 938 1 0 16 4 36 33 831 0 49 418 28 47 50 0 2 262 39 0 19 0 174 8 7 484 69 482 919 176
76 0 23 12 2 0 1540 1 1215 0 80 0 126 48 16 0 133 21 389 0 260 0 2 6 0 4150 341 49 1615 3887 1613 126
77 0 1888 50 217 1 441 71 1 11 15 249 5463 1 3 33 2 130 27 512 0 1 437 14 1 5 133 17 725 513 776 554
78 0 7 1 0 2428 0 0 4 3 1389 3 10 259 5 0 0 46 4 32 67 1 842 80 2 8 968
79 2 0 3849 18 1 3 2568 3 3367 6 7979 187 1099 222 0 43 353 584 501 7 206 3526 9 1280 6450 5407 0 0 712 2721 1954 6402 138
80 0 2 1 4 0 19 1 6981 2087 8123 1 0 2 1 12 1 111 3 31 19 3350 2434 4 551 5 197 3244
81 1506 68 0 7 9862 6 3 4857 0 1 10 239 0 121 76 27 381 0 105 4625 332 1 0 0 22 178 2 9 554 5921
82 181 565 1 143 0 323 0 804 63 5417 9 283 46 2 5 31 0 7 0 201 1 199 5474 948 0 26 993 8 2126 28 120
83 81 2 45 39 0 4 1 466 5 4060 1680 9 14 0 8489 8614 35 140 7322 685 0 6 287 0 1893 492 2522 1307 436 138 850 968
84 6 1 5 0 3513 651 2 0 111 3 15 0 8 286 431 0 3022 89 457 8153 4 1 14 96 3 497 0 1223 7 1707 65 155 3097 1737 2264
85 0 1 2 5 45 2 1271 43 11 6 4 0 149 46 81 77 277 6 248 2 2013 8 30 0 11 36 996 2 33 1017 8 138 138
86 1 3 2 0 4 203 170 17 12 0 39 586 9 43 387 0 42 0 159 105 496 35 3 5731 0 184 8 155 3110
87 0 1 216 239 30 15 28 1799 3 186 235 10 15 22 0 1009 3 2 0 5 304 6881 1021 0 11 1 9 0 5 3831 3097
88 1 0 6 0 2 4189 16 13 3 7245 419 1 617 0 180 76 209 1466 0 2 21 559 36 308 30 501 72 585 554 1384
89 286 5 3 0 382 5459 1 19 426 118 9 1325 52 40 3797 4 0 10 1566 15 0 523 0 1948 0 241 996 45 2 2 5 27
90 0 3 77 14 1 104 224 101 4 12 7 150 6 964 2052 2417 2254 4229 1878 8 1825 8290 1 2 463 2196 169 82 111 172 114 907 1290
91 0 1 0 16 1698 6 0 3643 124 71 514 93 2 1 0 6 113 0 1221 4 21 54 7258 34 1452 120 3684
92 351 0 4 60 40 9 2 20 4548 1 12 6580 3 435 1 1 1 10 0 22 0 4048 0 7 80 126 69 138 9584
93 2 1 0 3 89 15 10 1797 149 3575 652 706 5526 1 137 0 0 1 0 127 1052 0 0 0 181 9 797
94 0 1 6 30 2557 830 7971 9407 2 1193 402 10 6481 4712 1 3 1788 687 755 2 11 37 0 0 28 6 371 0 0 11 29 1917 155 2486 3244
95 1 0 2 362 0 25 0 3 1394 160 0 66 26 4 131 0 100 43 65 0 0 898 4 1606 4020 138 3774
96 0 1 2 1 0 21 9592 0 3 2611 4 314 0 0 11 36 1001 145 1 22 223 2102 0 496 1 0
97 955 190 1199 5 3771 0 82 54 14 40 1 2653 8 6379 519 98 4 0 120 34 520 381 0 1817 998 5674 20 3 38 2 17 1494 69 11 30 9691 290 6656 1958 1737
98 3 2 6 341 524 1 0 26 3 434 1069 19 1292 3 2 54 139 11 4 6932 93 94 0 4 28 2395 8 2 0 35 51 120 9 621 8 193 859 3097 1263 1671
99 36 5485 0 6 975 1756 6705 4818 2 9248 22 1 2 398 3 8 0 890 1989 58 19 2 2 0 0 20 3 1 19 0 0 4723 24 3008 126 120 708
